[200][http://apis.kokoa.com/search/knowledge?apikey=23jf][IE][2012-06-10 08:00:00]
[200][http://apis.kokoa.com/search/knowledge?apikey=dcj8][IE][2012-06-10 08:00:01]
[200][http://apis.kokoa.com/search/blog?apikey=wejf][IE][2012-06-10 08:00:02]
[200][http://apis.kokoa.com/search/knowledge?apikey=e3ea][IE][2012-06-10 08:00:03]
[200][http://apis.kokoa.com/search/vclip?apikey=2jdc][IE][2012-06-10 08:00:04]
[200][http://apis.kokoa.com/search/vclip?apikey=wejf][IE][2012-06-10 08:00:05]
[200][http://apis.kokoa.com/search/image?apikey=fwji][IE][2012-06-10 08:00:06]
[200][http://apis.kokoa.com/search/image?apikey=anw1][IE][2012-06-10 08:00:07]
[200][http://apis.kokoa.com/search/image?apikey=2jdc][IE][2012-06-10 08:00:08]
[200][http://apis.kokoa.com/search/image?apikey=wejf][IE][2012-06-10 08:00:09]
[200][http://apis.kokoa.com/search/vclip?apikey=fwji][IE][2012-06-10 08:00:10]
[200][http://apis.kokoa.com/search/news?apikey=23jf][Firefox][2012-06-10 08:00:11]
[200][http://apis.kokoa.com/search/news?apikey=e3ea][IE][2012-06-10 08:00:12]
[200][http://apis.kokoa.com/search/news?apikey=fwji][Opera][2012-06-10 08:00:13]
[200][http://apis.kokoa.com/search/book?apikey=fqwk][IE][2012-06-10 08:00:14]
[200][http://apis.kokoa.com/search/book?apikey=23jf][Firefox][2012-06-10 08:00:15]
[200][http://apis.kokoa.com/search/book?apikey=tr8j][IE][2012-06-10 08:00:16]
[200][http://apis.kokoa.com/search/book?apikey=anw1][Opera][2012-06-10 08:00:17]
[200][http://apis.kokoa.com/search/news?apikey=23jf][IE][2012-06-10 08:00:18]
[200][http://apis.kokoa.com/search/knowledge?apikey=2jdc][IE][2012-06-10 08:00:19]
[200][http://apis.kokoa.com/search/vclip?apikey=23jf][IE][2012-06-10 08:00:20]
[200][http://apis.kokoa.com/search/knowledge?apikey=23jf][IE][2012-06-10 08:00:21]
[200][http://apis.kokoa.com/search/blog?apikey=2jdc][IE][2012-06-10 08:00:22]
[200][http://apis.kokoa.com/search/vclip?apikey=e3ea][IE][2012-06-10 08:00:23]
[200][http://apis.kokoa.com/search/image?apikey=fwji][IE][2012-06-10 08:00:24]
[200][http://apis.kokoa.com/search/blog?apikey=23jf][IE][2012-06-10 08:00:25]
[200][http://apis.kokoa.com/search/image?apikey=e3ea][Firefox][2012-06-10 08:00:26]
[200][http://apis.kokoa.com/search/image?apikey=tr8j][IE][2012-06-10 08:00:27]
[200][http://apis.kokoa.com/search/news?apikey=2jdc][IE][2012-06-10 08:00:28]
[200][http://apis.kokoa.com/search/news?apikey=wejf][Firefox][2012-06-10 08:00:29]
[200][http://apis.kokoa.com/search/vclip?apikey=e3ea][Firefox][2012-06-10 08:00:30]
[200][http://apis.kokoa.com/search/news?apikey=dcj8][Opera][2012-06-10 08:00:31]
[200][http://apis.kokoa.com/search/book?apikey=fqwk][IE][2012-06-10 08:00:32]
[404][http://apis.kokoa.com/search/aaaaapikey=jg9k][Firefox][2012-06-10 08:00:33]
[200][http://apis.kokoa.com/search/knowledge?apikey=fqwk][IE][2012-06-10 08:00:34]
[200][http://apis.kokoa.com/search/book?apikey=dcj8][Opera][2012-06-10 08:00:35]
[200][http://apis.kokoa.com/search/knowledge?apikey=tr8j][Firefox][2012-06-10 08:00:36]
[200][http://apis.kokoa.com/search/knowledge?apikey=anw1][IE][2012-06-10 08:00:37]
[200][http://apis.kokoa.com/search/blog?apikey=23jf][IE][2012-06-10 08:00:38]
[200][http://apis.kokoa.com/search/vclip?apikey=2jdc][IE][2012-06-10 08:00:39]
[200][http://apis.kokoa.com/search/vclip?apikey=dcj8][IE][2012-06-10 08:00:40]
[200][http://apis.kokoa.com/search/vclip?apikey=23jf][IE][2012-06-10 08:00:41]
[200][http://apis.kokoa.com/search/image?apikey=2jdc][IE][2012-06-10 08:00:42]
[200][http://apis.kokoa.com/search/image?apikey=fqwk][IE][2012-06-10 08:00:43]
[200][http://apis.kokoa.com/search/image?apikey=dcj8][IE][2012-06-10 08:00:44]
[200][http://apis.kokoa.com/search/image?apikey=23jf][IE][2012-06-10 08:00:45]
[200][http://apis.kokoa.com/search/vclip?apikey=2jdc][IE][2012-06-10 08:00:46]
[200][http://apis.kokoa.com/search/news?apikey=tr8j][Opera][2012-06-10 08:00:47]
[200][http://apis.kokoa.com/search/news?apikey=wejf][IE][2012-06-10 08:00:48]
[200][http://apis.kokoa.com/search/news?apikey=2jdc][Chrome][2012-06-10 08:00:49]
[200][http://apis.kokoa.com/search/book?apikey=e3ea][IE][2012-06-10 08:00:50]
[200][http://apis.kokoa.com/search/blog?apikey=dcj8][IE][2012-06-10 08:00:51]
[200][http://apis.kokoa.com/search/image?apikey=jg9k][Firefox][2012-06-10 08:00:52]
[200][http://apis.kokoa.com/search/book?apikey=fqwk][IE][2012-06-10 08:00:53]
[200][http://apis.kokoa.com/search/knowledge?apikey=jg9k][Firefox][2012-06-10 08:00:54]
[200][http://apis.kokoa.com/search/knowledge?apikey=dcj8][IE][2012-06-10 08:00:55]
[200][http://apis.kokoa.com/search/news?apikey=anw1][IE][2012-06-10 08:00:56]
[200][http://apis.kokoa.com/search/knowledge?apikey=tr8j][IE][2012-06-10 08:00:57]
[200][http://apis.kokoa.com/search/blog?apikey=dcj8][Firefox][2012-06-10 08:00:58]
[200][http://apis.kokoa.com/search/vclip?apikey=wejf][Chrome][2012-06-10 08:00:59]
[200][http://apis.kokoa.com/search/book?apikey=anw1][IE][2012-06-10 08:01:00]
[200][http://apis.kokoa.com/search/blog?apikey=tr8j][IE][2012-06-10 08:01:01]
[200][http://apis.kokoa.com/search/image?apikey=wejf][IE][2012-06-10 08:01:02]
[200][http://apis.kokoa.com/search/blog?apikey=fqwk][IE][2012-06-10 08:01:03]
[200][http://apis.kokoa.com/search/knowledge?apikey=23jf][IE][2012-06-10 08:01:04]
[200][http://apis.kokoa.com/search/image?apikey=dcj8][Safari][2012-06-10 08:01:05]
[200][http://apis.kokoa.com/search/vclip?apikey=wejf][IE][2012-06-10 08:01:06]
[404][http://apis.kokoa.com/search/aaaaapikey=e3ea][IE][2012-06-10 08:01:07]
[200][http://apis.kokoa.com/search/vclip?apikey=2jdc][Opera][2012-06-10 08:01:08]
[200][http://apis.kokoa.com/search/news?apikey=wejf][IE][2012-06-10 08:01:09]
[200][http://apis.kokoa.com/search/book?apikey=fwji][IE][2012-06-10 08:01:10]
[200][http://apis.kokoa.com/search/vclip?apikey=tr8j][IE][2012-06-10 08:01:11]
[200][http://apis.kokoa.com/search/image?apikey=fqwk][Opera][2012-06-10 08:01:12]
[200][http://apis.kokoa.com/search/book?apikey=jg9k][IE][2012-06-10 08:01:13]
[200][http://apis.kokoa.com/search/news?apikey=anw1][IE][2012-06-10 08:01:14]
[200][http://apis.kokoa.com/search/book?apikey=dcj8][IE][2012-06-10 08:01:15]
[200][http://apis.kokoa.com/search/news?apikey=tr8j][IE][2012-06-10 08:01:16]
[200][http://apis.kokoa.com/search/knowledge?apikey=anw1][IE][2012-06-10 08:01:17]
[200][http://apis.kokoa.com/search/blog?apikey=23jf][Opera][2012-06-10 08:01:18]
[200][http://apis.kokoa.com/search/news?apikey=dcj8][IE][2012-06-10 08:01:19]
[200][http://apis.kokoa.com/search/book?apikey=tr8j][IE][2012-06-10 08:01:20]
[200][http://apis.kokoa.com/search/blog?apikey=anw1][IE][2012-06-10 08:01:21]
[200][http://apis.kokoa.com/search/knowledge?apikey=23jf][Opera][2012-06-10 08:01:22]
[200][http://apis.kokoa.com/search/blog?apikey=wejf][IE][2012-06-10 08:01:23]
[200][http://apis.kokoa.com/search/image?apikey=dcj8][IE][2012-06-10 08:01:24]
[200][http://apis.kokoa.com/search/image?apikey=23jf][IE][2012-06-10 08:01:25]
[404][http://apis.kokoa.com/search/aaaaapikey=wejf][Safari][2012-06-10 08:01:26]
[200][http://apis.kokoa.com/search/image?apikey=fwji][IE][2012-06-10 08:01:27]
[200][http://apis.kokoa.com/search/vclip?apikey=e3ea][IE][2012-06-10 08:01:28]
[200][http://apis.kokoa.com/search/vclip?apikey=fwji][IE][2012-06-10 08:01:29]
[200][http://apis.kokoa.com/search/vclip?apikey=fwji][IE][2012-06-10 08:01:30]
[200][http://apis.kokoa.com/search/vclip?apikey=anw1][IE][2012-06-10 08:01:31]
[404][http://apis.kokoa.com/search/aaaaapikey=jg9k][Chrome][2012-06-10 08:01:32]
[200][http://apis.kokoa.com/search/book?apikey=2jdc][IE][2012-06-10 08:01:33]
[200][http://apis.kokoa.com/search/image?apikey=fwji][IE][2012-06-10 08:01:34]
[200][http://apis.kokoa.com/search/book?apikey=23jf][IE][2012-06-10 08:01:35]
[200][http://apis.kokoa.com/search/news?apikey=jg9k][Chrome][2012-06-10 08:01:36]
[10][http://apis.kokoa.com/search/news][IE][2012-06-10 08:01:37]
[200][http://apis.kokoa.com/search/news?apikey=fqwk][IE][2012-06-10 08:01:38]
[200][http://apis.kokoa.com/search/news?apikey=23jf][IE][2012-06-10 08:01:39]
[200][http://apis.kokoa.com/search/blog?apikey=anw1][IE][2012-06-10 08:01:39]
[200][http://apis.kokoa.com/search/blog?apikey=tr8j][IE][2012-06-10 08:01:40]
[200][http://apis.kokoa.com/search/book?apikey=23jf][IE][2012-06-10 08:01:41]
[10][http://apis.kokoa.com/search/blog][IE][2012-06-10 08:01:42]
[200][http://apis.kokoa.com/search/image?apikey=23jf][IE][2012-06-10 08:01:43]
[200][http://apis.kokoa.com/search/image?apikey=dcj8][IE][2012-06-10 08:01:44]
[200][http://apis.kokoa.com/search/knowledge?apikey=2jdc][IE][2012-06-10 08:01:45]
[200][http://apis.kokoa.com/search/knowledge?apikey=fqwk][IE][2012-06-10 08:01:46]
[200][http://apis.kokoa.com/search/vclip?apikey=23jf][IE][2012-06-10 08:01:47]
[200][http://apis.kokoa.com/search/vclip?apikey=dcj8][IE][2012-06-10 08:01:48]
[200][http://apis.kokoa.com/search/blog?apikey=2jdc][IE][2012-06-10 08:01:49]
[200][http://apis.kokoa.com/search/vclip?apikey=tr8j][IE][2012-06-10 08:01:50]
[200][http://apis.kokoa.com/search/book?apikey=2jdc][IE][2012-06-10 08:01:51]
[200][http://apis.kokoa.com/search/book?apikey=wejf][IE][2012-06-10 08:01:52]
[200][http://apis.kokoa.com/search/image?apikey=e3ea][IE][2012-06-10 08:01:53]
[200][http://apis.kokoa.com/search/book?apikey=dcj8][IE][2012-06-10 08:01:54]
[200][http://apis.kokoa.com/search/news?apikey=fqwk][IE][2012-06-10 08:01:55]
[200][http://apis.kokoa.com/search/news?apikey=jg9k][IE][2012-06-10 08:01:56]
[200][http://apis.kokoa.com/search/news?apikey=jg9k][IE][2012-06-10 08:01:57]
[200][http://apis.kokoa.com/search/news?apikey=dcj8][IE][2012-06-10 08:01:58]
[200][http://apis.kokoa.com/search/blog?apikey=tr8j][IE][2012-06-10 08:01:59]
[200][http://apis.kokoa.com/search/blog?apikey=anw1][IE][2012-06-10 08:02:00]
[10][http://apis.kokoa.com/search/book][IE][2012-06-10 08:02:01]
[200][http://apis.kokoa.com/search/blog?apikey=wejf][IE][2012-06-10 08:02:02]
[200][http://apis.kokoa.com/search/knowledge?apikey=tr8j][IE][2012-06-10 08:02:03]
[200][http://apis.kokoa.com/search/knowledge?apikey=anw1][IE][2012-06-10 08:02:04]
[200][http://apis.kokoa.com/search/knowledge?apikey=anw1][IE][2012-06-10 08:02:05]
[200][http://apis.kokoa.com/search/knowledge?apikey=jg9k][IE][2012-06-10 08:02:06]
[10][http://apis.kokoa.com/search/vclip][IE][2012-06-10 08:02:07]
[200][http://apis.kokoa.com/search/knowledge?apikey=dcj8][IE][2012-06-10 08:02:08]
[200][http://apis.kokoa.com/search/blog?apikey=wejf][IE][2012-06-10 08:02:09]
[404][http://apis.kokoa.com/search/aaaaapikey=fwji][IE][2012-06-10 08:02:10]
[200][http://apis.kokoa.com/search/book?apikey=wejf][IE][2012-06-10 08:02:11]
[200][http://apis.kokoa.com/search/vclip?apikey=wejf][IE][2012-06-10 08:02:12]
[200][http://apis.kokoa.com/search/image?apikey=fwji][IE][2012-06-10 08:02:13]
[200][http://apis.kokoa.com/search/image?apikey=anw1][IE][2012-06-10 08:02:14]
[200][http://apis.kokoa.com/search/vclip?apikey=jg9k][IE][2012-06-10 08:02:15]
[200][http://apis.kokoa.com/search/knowledge?apikey=wejf][Firefox][2012-06-10 08:02:16]
[200][http://apis.kokoa.com/search/vclip?apikey=fwji][IE][2012-06-10 08:02:17]
[200][http://apis.kokoa.com/search/vclip?apikey=23jf][IE][2012-06-10 08:02:18]
[200][http://apis.kokoa.com/search/book?apikey=anw1][IE][2012-06-10 08:02:19]
[200][http://apis.kokoa.com/search/news?apikey=fwji][IE][2012-06-10 08:02:20]
[200][http://apis.kokoa.com/search/book?apikey=fqwk][IE][2012-06-10 08:02:21]
[200][http://apis.kokoa.com/search/image?apikey=fwji][IE][2012-06-10 08:02:22]
[200][http://apis.kokoa.com/search/news?apikey=anw1][IE][2012-06-10 08:02:23]
[200][http://apis.kokoa.com/search/book?apikey=anw1][IE][2012-06-10 08:02:24]
[200][http://apis.kokoa.com/search/news?apikey=23jf][IE][2012-06-10 08:02:25]
[200][http://apis.kokoa.com/search/news?apikey=2jdc][IE][2012-06-10 08:02:26]
[200][http://apis.kokoa.com/search/blog?apikey=23jf][IE][2012-06-10 08:02:27]
[200][http://apis.kokoa.com/search/knowledge?apikey=23jf][IE][2012-06-10 08:02:28]
[10][http://apis.kokoa.com/search/blog][IE][2012-06-10 08:02:29]
[200][http://apis.kokoa.com/search/vclip?apikey=e3ea][Firefox][2012-06-10 08:02:30]
[200][http://apis.kokoa.com/search/knowledge?apikey=fwji][IE][2012-06-10 08:02:31]
[200][http://apis.kokoa.com/search/blog?apikey=23jf][IE][2012-06-10 08:02:32]
[200][http://apis.kokoa.com/search/image?apikey=e3ea][IE][2012-06-10 08:02:33]
[200][http://apis.kokoa.com/search/image?apikey=tr8j][Firefox][2012-06-10 08:02:34]
[200][http://apis.kokoa.com/search/knowledge?apikey=wejf][IE][2012-06-10 08:02:35]
[200][http://apis.kokoa.com/search/image?apikey=2jdc][Firefox][2012-06-10 08:02:36]
[200][http://apis.kokoa.com/search/vclip?apikey=e3ea][IE][2012-06-10 08:02:37]
[200][http://apis.kokoa.com/search/news?apikey=dcj8][IE][2012-06-10 08:02:38]
[200][http://apis.kokoa.com/search/blog?apikey=jg9k][IE][2012-06-10 08:02:39]
[200][http://apis.kokoa.com/search/vclip?apikey=fqwk][Firefox][2012-06-10 08:02:40]
[200][http://apis.kokoa.com/search/book?apikey=jg9k][IE][2012-06-10 08:02:41]
[200][http://apis.kokoa.com/search/book?apikey=dcj8][IE][2012-06-10 08:02:42]
[200][http://apis.kokoa.com/search/image?apikey=anw1][IE][2012-06-10 08:02:43]
[200][http://apis.kokoa.com/search/book?apikey=tr8j][IE][2012-06-10 08:02:44]
[200][http://apis.kokoa.com/search/news?apikey=dcj8][IE][2012-06-10 08:02:45]
[200][http://apis.kokoa.com/search/knowledge?apikey=wejf][IE][2012-06-10 08:02:46]
[200][http://apis.kokoa.com/search/news?apikey=23jf][IE][2012-06-10 08:02:47]
[200][http://apis.kokoa.com/search/knowledge?apikey=dcj8][IE][2012-06-10 08:02:48]
[200][http://apis.kokoa.com/search/blog?apikey=wejf][IE][2012-06-10 08:02:49]
[200][http://apis.kokoa.com/search/blog?apikey=jg9k][IE][2012-06-10 08:02:50]
[200][http://apis.kokoa.com/search/book?apikey=23jf][IE][2012-06-10 08:02:51]
[200][http://apis.kokoa.com/search/blog?apikey=dcj8][IE][2012-06-10 08:02:52]
[200][http://apis.kokoa.com/search/knowledge?apikey=wejf][IE][2012-06-10 08:02:53]
[200][http://apis.kokoa.com/search/blog?apikey=e3ea][IE][2012-06-10 08:02:54]
[200][http://apis.kokoa.com/search/knowledge?apikey=2jdc][IE][2012-06-10 08:02:55]
[200][http://apis.kokoa.com/search/image?apikey=wejf][Opera][2012-06-10 08:02:56]
[200][http://apis.kokoa.com/search/vclip?apikey=fwji][IE][2012-06-10 08:02:57]
[200][http://apis.kokoa.com/search/image?apikey=jg9k][Chrome][2012-06-10 08:02:58]
[200][http://apis.kokoa.com/search/blog?apikey=fqwk][IE][2012-06-10 08:02:59]
[200][http://apis.kokoa.com/search/vclip?apikey=jg9k][Opera][2012-06-10 08:03:00]
[200][http://apis.kokoa.com/search/book?apikey=fqwk][IE][2012-06-10 08:03:01]
[10][http://apis.kokoa.com/search/vclip][Chrome][2012-06-10 08:03:02]
[200][http://apis.kokoa.com/search/image?apikey=tr8j][Firefox][2012-06-10 08:03:03]
[200][http://apis.kokoa.com/search/book?apikey=fwji][IE][2012-06-10 08:03:04]
[200][http://apis.kokoa.com/search/news?apikey=fqwk][IE][2012-06-10 08:03:05]
[200][http://apis.kokoa.com/search/book?apikey=wejf][IE][2012-06-10 08:03:06]
[200][http://apis.kokoa.com/search/vclip?apikey=tr8j][Firefox][2012-06-10 08:03:07]
[200][http://apis.kokoa.com/search/news?apikey=anw1][IE][2012-06-10 08:03:08]
[200][http://apis.kokoa.com/search/blog?apikey=tr8j][Firefox][2012-06-10 08:03:09]
[200][http://apis.kokoa.com/search/news?apikey=wejf][IE][2012-06-10 08:03:10]
[200][http://apis.kokoa.com/search/book?apikey=dcj8][IE][2012-06-10 08:03:11]
[200][http://apis.kokoa.com/search/blog?apikey=23jf][IE][2012-06-10 08:03:12]
[200][http://apis.kokoa.com/search/book?apikey=wejf][IE][2012-06-10 08:03:13]
[200][http://apis.kokoa.com/search/blog?apikey=fwji][IE][2012-06-10 08:03:14]
[200][http://apis.kokoa.com/search/knowledge?apikey=wejf][IE][2012-06-10 08:03:15]
[200][http://apis.kokoa.com/search/image?apikey=2jdc][Chrome][2012-06-10 08:03:16]
[200][http://apis.kokoa.com/search/vclip?apikey=e3ea][IE][2012-06-10 08:03:17]
[200][http://apis.kokoa.com/search/knowledge?apikey=anw1][IE][2012-06-10 08:03:18]
[200][http://apis.kokoa.com/search/blog?apikey=wejf][IE][2012-06-10 08:03:19]
[200][http://apis.kokoa.com/search/vclip?apikey=2jdc][Chrome][2012-06-10 08:03:20]
[10][http://apis.kokoa.com/search/blog][Firefox][2012-06-10 08:03:21]
[200][http://apis.kokoa.com/search/vclip?apikey=23jf][Safari][2012-06-10 08:03:22]
[200][http://apis.kokoa.com/search/image?apikey=fwji][Firefox][2012-06-10 08:03:23]
[200][http://apis.kokoa.com/search/book?apikey=e3ea][IE][2012-06-10 08:03:24]
[200][http://apis.kokoa.com/search/image?apikey=fqwk][IE][2012-06-10 08:03:25]
[200][http://apis.kokoa.com/search/image?apikey=23jf][Safari][2012-06-10 08:03:26]
[10][http://apis.kokoa.com/search/vclip][Firefox][2012-06-10 08:03:27]
[200][http://apis.kokoa.com/search/news?apikey=tr8j][IE][2012-06-10 08:03:28]
[200][http://apis.kokoa.com/search/vclip?apikey=23jf][IE][2012-06-10 08:03:29]
[200][http://apis.kokoa.com/search/news?apikey=2jdc][IE][2012-06-10 08:03:30]
[200][http://apis.kokoa.com/search/book?apikey=23jf][IE][2012-06-10 08:03:31]
[200][http://apis.kokoa.com/search/blog?apikey=dcj8][IE][2012-06-10 08:03:32]
[200][http://apis.kokoa.com/search/book?apikey=tr8j][IE][2012-06-10 08:03:33]
[200][http://apis.kokoa.com/search/blog?apikey=e3ea][IE][2012-06-10 08:03:34]
[200][http://apis.kokoa.com/search/news?apikey=23jf][IE][2012-06-10 08:03:35]
[200][http://apis.kokoa.com/search/knowledge?apikey=dcj8][IE][2012-06-10 08:03:36]
[200][http://apis.kokoa.com/search/knowledge?apikey=dcj8][Chrome][2012-06-10 08:03:37]
[200][http://apis.kokoa.com/search/knowledge?apikey=tr8j][IE][2012-06-10 08:03:38]
[200][http://apis.kokoa.com/search/blog?apikey=2jdc][IE][2012-06-10 08:03:39]
[200][http://apis.kokoa.com/search/vclip?apikey=wejf][IE][2012-06-10 08:03:40]
[200][http://apis.kokoa.com/search/blog?apikey=e3ea][Chrome][2012-06-10 08:03:41]
[200][http://apis.kokoa.com/search/blog?apikey=dcj8][IE][2012-06-10 08:03:42]
[200][http://apis.kokoa.com/search/knowledge?apikey=fqwk][Chrome][2012-06-10 08:03:43]
[200][http://apis.kokoa.com/search/knowledge?apikey=jg9k][IE][2012-06-10 08:03:44]
[200][http://apis.kokoa.com/search/knowledge?apikey=jg9k][IE][2012-06-10 08:03:45]
[200][http://apis.kokoa.com/search/knowledge?apikey=dcj8][IE][2012-06-10 08:03:46]
[200][http://apis.kokoa.com/search/vclip?apikey=tr8j][IE][2012-06-10 08:03:47]
[200][http://apis.kokoa.com/search/vclip?apikey=anw1][IE][2012-06-10 08:03:48]
[404][http://apis.kokoa.com/search/aaaaapikey=jg9k][IE][2012-06-10 08:03:49]
[200][http://apis.kokoa.com/search/vclip?apikey=wejf][IE][2012-06-10 08:03:50]
[200][http://apis.kokoa.com/search/book?apikey=dcj8][IE][2012-06-10 08:03:51]
[200][http://apis.kokoa.com/search/book?apikey=23jf][IE][2012-06-10 08:03:52]
[200][http://apis.kokoa.com/search/image?apikey=anw1][IE][2012-06-10 08:03:53]
[200][http://apis.kokoa.com/search/image?apikey=jg9k][IE][2012-06-10 08:03:54]
[404][http://apis.kokoa.com/search/aaaaapikey=dcj8][IE][2012-06-10 08:03:55]
[200][http://apis.kokoa.com/search/news?apikey=23jf][IE][2012-06-10 08:03:56]
[200][http://apis.kokoa.com/search/vclip?apikey=wejf][Safari][2012-06-10 08:03:57]
[200][http://apis.kokoa.com/search/news?apikey=fwji][IE][2012-06-10 08:03:58]
[200][http://apis.kokoa.com/search/blog?apikey=wejf][Safari][2012-06-10 08:03:59]
[200][http://apis.kokoa.com/search/blog?apikey=2jdc][IE][2012-06-10 08:04:00]
[200][http://apis.kokoa.com/search/book?apikey=fwji][IE][2012-06-10 08:04:01]
[200][http://apis.kokoa.com/search/blog?apikey=fqwk][IE][2012-06-10 08:04:02]
[200][http://apis.kokoa.com/search/knowledge?apikey=jg9k][Safari][2012-06-10 08:04:03]
[200][http://apis.kokoa.com/search/book?apikey=wejf][IE][2012-06-10 08:04:04]
[200][http://apis.kokoa.com/search/knowledge?apikey=fqwk][IE][2012-06-10 08:04:05]
[10][http://apis.kokoa.com/search/knowledge][IE][2012-06-10 08:04:06]
[200][http://apis.kokoa.com/search/vclip?apikey=anw1][IE][2012-06-10 08:04:07]
[200][http://apis.kokoa.com/search/knowledge?apikey=fwji][IE][2012-06-10 08:04:08]
[200][http://apis.kokoa.com/search/blog?apikey=fqwk][IE][2012-06-10 08:04:09]
[200][http://apis.kokoa.com/search/vclip?apikey=2jdc][IE][2012-06-10 08:04:10]
[200][http://apis.kokoa.com/search/image?apikey=anw1][IE][2012-06-10 08:04:11]
[200][http://apis.kokoa.com/search/blog?apikey=anw1][IE][2012-06-10 08:04:12]
[200][http://apis.kokoa.com/search/image?apikey=tr8j][IE][2012-06-10 08:04:13]
[200][http://apis.kokoa.com/search/image?apikey=2jdc][IE][2012-06-10 08:04:14]
[200][http://apis.kokoa.com/search/news?apikey=23jf][IE][2012-06-10 08:04:15]
[200][http://apis.kokoa.com/search/image?apikey=23jf][IE][2012-06-10 08:04:16]
[200][http://apis.kokoa.com/search/vclip?apikey=2jdc][IE][2012-06-10 08:04:17]
[200][http://apis.kokoa.com/search/news?apikey=e3ea][IE][2012-06-10 08:04:18]
[200][http://apis.kokoa.com/search/blog?apikey=2jdc][IE][2012-06-10 08:04:19]
[200][http://apis.kokoa.com/search/news?apikey=2jdc][IE][2012-06-10 08:04:20]
[200][http://apis.kokoa.com/search/book?apikey=e3ea][IE][2012-06-10 08:04:21]
[200][http://apis.kokoa.com/search/book?apikey=tr8j][IE][2012-06-10 08:04:22]
[200][http://apis.kokoa.com/search/knowledge?apikey=fqwk][IE][2012-06-10 08:04:23]
[200][http://apis.kokoa.com/search/book?apikey=2jdc][IE][2012-06-10 08:04:24]
[10][http://apis.kokoa.com/search/news][IE][2012-06-10 08:04:25]
[200][http://apis.kokoa.com/search/knowledge?apikey=dcj8][IE][2012-06-10 08:04:26]
[200][http://apis.kokoa.com/search/knowledge?apikey=fwji][IE][2012-06-10 08:04:27]
[200][http://apis.kokoa.com/search/knowledge?apikey=e3ea][IE][2012-06-10 08:04:28]
[200][http://apis.kokoa.com/search/vclip?apikey=jg9k][IE][2012-06-10 08:04:29]
[200][http://apis.kokoa.com/search/blog?apikey=dcj8][IE][2012-06-10 08:04:30]
[200][http://apis.kokoa.com/search/blog?apikey=anw1][IE][2012-06-10 08:04:31]
[200][http://apis.kokoa.com/search/blog?apikey=tr8j][IE][2012-06-10 08:04:32]
[200][http://apis.kokoa.com/search/image?apikey=dcj8][IE][2012-06-10 08:04:33]
[404][http://apis.kokoa.com/search/aaaaapikey=wejf][IE][2012-06-10 08:04:34]
[200][http://apis.kokoa.com/search/image?apikey=23jf][IE][2012-06-10 08:04:35]
[200][http://apis.kokoa.com/search/image?apikey=jg9k][IE][2012-06-10 08:04:36]
[200][http://apis.kokoa.com/search/news?apikey=wejf][IE][2012-06-10 08:04:37]
[200][http://apis.kokoa.com/search/news?apikey=fwji][IE][2012-06-10 08:04:38]
[200][http://apis.kokoa.com/search/vclip?apikey=23jf][IE][2012-06-10 08:04:39]
[200][http://apis.kokoa.com/search/vclip?apikey=dcj8][IE][2012-06-10 08:04:40]
[200][http://apis.kokoa.com/search/blog?apikey=23jf][IE][2012-06-10 08:04:41]
[200][http://apis.kokoa.com/search/book?apikey=anw1][IE][2012-06-10 08:04:42]
[200][http://apis.kokoa.com/search/book?apikey=2jdc][IE][2012-06-10 08:04:43]
[200][http://apis.kokoa.com/search/book?apikey=wejf][IE][2012-06-10 08:04:44]
[200][http://apis.kokoa.com/search/knowledge?apikey=fwji][IE][2012-06-10 08:04:45]
[200][http://apis.kokoa.com/search/knowledge?apikey=23jf][IE][2012-06-10 08:04:46]
[200][http://apis.kokoa.com/search/blog?apikey=jg9k][IE][2012-06-10 08:04:47]
[200][http://apis.kokoa.com/search/news?apikey=wejf][IE][2012-06-10 08:04:48]
[200][http://apis.kokoa.com/search/vclip?apikey=fqwk][IE][2012-06-10 08:04:49]
[200][http://apis.kokoa.com/search/blog?apikey=23jf][IE][2012-06-10 08:04:50]
[200][http://apis.kokoa.com/search/image?apikey=anw1][IE][2012-06-10 08:04:51]
[200][http://apis.kokoa.com/search/blog?apikey=fwji][Firefox][2012-06-10 08:04:52]
[404][http://apis.kokoa.com/search/aaaaapikey=fqwk][IE][2012-06-10 08:04:53]
[200][http://apis.kokoa.com/search/image?apikey=2jdc][IE][2012-06-10 08:04:54]
[200][http://apis.kokoa.com/search/image?apikey=jg9k][IE][2012-06-10 08:04:55]
[200][http://apis.kokoa.com/search/book?apikey=fqwk][IE][2012-06-10 08:04:56]
[200][http://apis.kokoa.com/search/news?apikey=tr8j][IE][2012-06-10 08:04:57]
[200][http://apis.kokoa.com/search/vclip?apikey=fqwk][IE][2012-06-10 08:04:58]
[404][http://apis.kokoa.com/search/aaaaapikey=23jf][IE][2012-06-10 08:04:58]
[200][http://apis.kokoa.com/search/news?apikey=23jf][IE][2012-06-10 08:04:59]
[200][http://apis.kokoa.com/search/book?apikey=2jdc][IE][2012-06-10 08:05:00]
[200][http://apis.kokoa.com/search/book?apikey=e3ea][IE][2012-06-10 08:05:01]
[200][http://apis.kokoa.com/search/knowledge?apikey=2jdc][IE][2012-06-10 08:05:02]
[200][http://apis.kokoa.com/search/blog?apikey=2jdc][IE][2012-06-10 08:05:03]
[200][http://apis.kokoa.com/search/knowledge?apikey=e3ea][IE][2012-06-10 08:05:04]
[200][http://apis.kokoa.com/search/image?apikey=jg9k][Firefox][2012-06-10 08:05:05]
[200][http://apis.kokoa.com/search/book?apikey=fqwk][IE][2012-06-10 08:05:06]
[200][http://apis.kokoa.com/search/news?apikey=2jdc][Firefox][2012-06-10 08:05:07]
[200][http://apis.kokoa.com/search/blog?apikey=jg9k][IE][2012-06-10 08:05:08]
[200][http://apis.kokoa.com/search/blog?apikey=dcj8][IE][2012-06-10 08:05:09]
[200][http://apis.kokoa.com/search/blog?apikey=fwji][IE][2012-06-10 08:05:10]
[200][http://apis.kokoa.com/search/blog?apikey=e3ea][IE][2012-06-10 08:05:11]
[200][http://apis.kokoa.com/search/knowledge?apikey=jg9k][IE][2012-06-10 08:05:12]
[200][http://apis.kokoa.com/search/image?apikey=wejf][IE][2012-06-10 08:05:13]
[200][http://apis.kokoa.com/search/knowledge?apikey=anw1][IE][2012-06-10 08:05:14]
[200][http://apis.kokoa.com/search/knowledge?apikey=tr8j][IE][2012-06-10 08:05:15]
[200][http://apis.kokoa.com/search/vclip?apikey=anw1][IE][2012-06-10 08:05:16]
[200][http://apis.kokoa.com/search/vclip?apikey=wejf][IE][2012-06-10 08:05:17]
[200][http://apis.kokoa.com/search/vclip?apikey=23jf][IE][2012-06-10 08:05:18]
[200][http://apis.kokoa.com/search/vclip?apikey=dcj8][IE][2012-06-10 08:05:19]
[200][http://apis.kokoa.com/search/image?apikey=wejf][IE][2012-06-10 08:05:20]
[200][http://apis.kokoa.com/search/book?apikey=fwji][Opera][2012-06-10 08:05:21]
[200][http://apis.kokoa.com/search/book?apikey=2jdc][IE][2012-06-10 08:05:22]
[200][http://apis.kokoa.com/search/book?apikey=wejf][Chrome][2012-06-10 08:05:23]
[200][http://apis.kokoa.com/search/news?apikey=fwji][IE][2012-06-10 08:05:24]
[200][http://apis.kokoa.com/search/news?apikey=anw1][Opera][2012-06-10 08:05:25]
[200][http://apis.kokoa.com/search/news?apikey=2jdc][IE][2012-06-10 08:05:26]
[200][http://apis.kokoa.com/search/news?apikey=wejf][Opera][2012-06-10 08:05:27]
[200][http://apis.kokoa.com/search/book?apikey=fwji][IE][2012-06-10 08:05:28]
[200][http://apis.kokoa.com/search/blog?apikey=23jf][IE][2012-06-10 08:05:29]
[200][http://apis.kokoa.com/search/blog?apikey=e3ea][Firefox][2012-06-10 08:05:30]
[200][http://apis.kokoa.com/search/blog?apikey=fwji][IE][2012-06-10 08:05:31]
[200][http://apis.kokoa.com/search/knowledge?apikey=fqwk][IE][2012-06-10 08:05:32]
[200][http://apis.kokoa.com/search/knowledge?apikey=23jf][IE][2012-06-10 08:05:33]
[200][http://apis.kokoa.com/search/knowledge?apikey=tr8j][Firefox][2012-06-10 08:05:34]
[200][http://apis.kokoa.com/search/knowledge?apikey=anw1][IE][2012-06-10 08:05:35]
[200][http://apis.kokoa.com/search/blog?apikey=23jf][IE][2012-06-10 08:05:36]
[10][http://apis.kokoa.com/search/vclip][IE][2012-06-10 08:05:37]
[200][http://apis.kokoa.com/search/vclip?apikey=dcj8][IE][2012-06-10 08:05:38]
[200][http://apis.kokoa.com/search/vclip?apikey=23jf][IE][2012-06-10 08:05:39]
[200][http://apis.kokoa.com/search/image?apikey=2jdc][Firefox][2012-06-10 08:05:40]
[200][http://apis.kokoa.com/search/vclip?apikey=fwji][IE][2012-06-10 08:05:41]
[200][http://apis.kokoa.com/search/image?apikey=dcj8][IE][2012-06-10 08:05:42]
[200][http://apis.kokoa.com/search/image?apikey=23jf][IE][2012-06-10 08:05:43]
[200][http://apis.kokoa.com/search/news?apikey=dcj8][IE][2012-06-10 08:05:44]
[200][http://apis.kokoa.com/search/image?apikey=fwji][IE][2012-06-10 08:05:45]
[200][http://apis.kokoa.com/search/news?apikey=wejf][IE][2012-06-10 08:05:46]
[200][http://apis.kokoa.com/search/news?apikey=2jdc][Safari][2012-06-10 08:05:47]
[200][http://apis.kokoa.com/search/book?apikey=e3ea][IE][2012-06-10 08:05:48]
[200][http://apis.kokoa.com/search/news?apikey=fqwk][IE][2012-06-10 08:05:49]
[10][http://apis.kokoa.com/search/book][IE][2012-06-10 08:05:50]
[200][http://apis.kokoa.com/search/book?apikey=fqwk][Safari][2012-06-10 08:05:51]
[200][http://apis.kokoa.com/search/knowledge?apikey=jg9k][IE][2012-06-10 08:05:52]
[200][http://apis.kokoa.com/search/book?apikey=23jf][IE][2012-06-10 08:05:53]
[200][http://apis.kokoa.com/search/knowledge?apikey=anw1][Opera][2012-06-10 08:05:54]
[200][http://apis.kokoa.com/search/knowledge?apikey=e3ea][IE][2012-06-10 08:05:55]
[10][http://apis.kokoa.com/search/blog][IE][2012-06-10 08:05:56]
[200][http://apis.kokoa.com/search/knowledge?apikey=2jdc][IE][2012-06-10 08:05:57]
[200][http://apis.kokoa.com/search/vclip?apikey=fqwk][IE][2012-06-10 08:05:58]
[200][http://apis.kokoa.com/search/vclip?apikey=jg9k][IE][2012-06-10 08:05:59]
[200][http://apis.kokoa.com/search/image?apikey=anw1][Opera][2012-06-10 08:06:00]
[200][http://apis.kokoa.com/search/blog?apikey=2jdc][IE][2012-06-10 08:06:01]
[200][http://apis.kokoa.com/search/image?apikey=23jf][IE][2012-06-10 08:06:02]
[200][http://apis.kokoa.com/search/image?apikey=dcj8][IE][2012-06-10 08:06:03]
[200][http://apis.kokoa.com/search/vclip?apikey=wejf][Firefox][2012-06-10 08:06:04]
[200][http://apis.kokoa.com/search/image?apikey=e3ea][IE][2012-06-10 08:06:05]
[200][http://apis.kokoa.com/search/news?apikey=2jdc][IE][2012-06-10 08:06:06]
[200][http://apis.kokoa.com/search/news?apikey=wejf][IE][2012-06-10 08:06:07]
[200][http://apis.kokoa.com/search/book?apikey=fwji][IE][2012-06-10 08:06:08]
[200][http://apis.kokoa.com/search/news?apikey=jg9k][IE][2012-06-10 08:06:09]
[200][http://apis.kokoa.com/search/book?apikey=2jdc][IE][2012-06-10 08:06:10]
[200][http://apis.kokoa.com/search/book?apikey=wejf][IE][2012-06-10 08:06:11]
[200][http://apis.kokoa.com/search/knowledge?apikey=fqwk][IE][2012-06-10 08:06:12]
[200][http://apis.kokoa.com/search/book?apikey=dcj8][IE][2012-06-10 08:06:13]
[200][http://apis.kokoa.com/search/knowledge?apikey=e3ea][Chrome][2012-06-10 08:06:14]
[200][http://apis.kokoa.com/search/knowledge?apikey=fwji][IE][2012-06-10 08:06:15]
[200][http://apis.kokoa.com/search/blog?apikey=fqwk][IE][2012-06-10 08:06:16]
[200][http://apis.kokoa.com/search/knowledge?apikey=wejf][IE][2012-06-10 08:06:17]
[200][http://apis.kokoa.com/search/blog?apikey=tr8j][Chrome][2012-06-10 08:06:18]
[200][http://apis.kokoa.com/search/blog?apikey=anw1][IE][2012-06-10 08:06:19]
[200][http://apis.kokoa.com/search/blog?apikey=anw1][IE][2012-06-10 08:06:20]
[200][http://apis.kokoa.com/search/blog?apikey=wejf][IE][2012-06-10 08:06:21]
[200][http://apis.kokoa.com/search/image?apikey=dcj8][IE][2012-06-10 08:06:22]
[200][http://apis.kokoa.com/search/image?apikey=23jf][IE][2012-06-10 08:06:23]
[200][http://apis.kokoa.com/search/knowledge?apikey=anw1][IE][2012-06-10 08:06:24]
[200][http://apis.kokoa.com/search/image?apikey=fwji][IE][2012-06-10 08:06:25]
[200][http://apis.kokoa.com/search/news?apikey=wejf][IE][2012-06-10 08:06:26]
[200][http://apis.kokoa.com/search/news?apikey=2jdc][IE][2012-06-10 08:06:27]
[200][http://apis.kokoa.com/search/vclip?apikey=23jf][IE][2012-06-10 08:06:28]
[404][http://apis.kokoa.com/search/aaaaapikey=anw1][IE][2012-06-10 08:06:29]
[200][http://apis.kokoa.com/search/book?apikey=wejf][IE][2012-06-10 08:06:30]
[200][http://apis.kokoa.com/search/vclip?apikey=wejf][IE][2012-06-10 08:06:31]
[200][http://apis.kokoa.com/search/image?apikey=fwji][IE][2012-06-10 08:06:32]
[200][http://apis.kokoa.com/search/book?apikey=23jf][IE][2012-06-10 08:06:33]
[200][http://apis.kokoa.com/search/news?apikey=fwji][IE][2012-06-10 08:06:34]
[200][http://apis.kokoa.com/search/book?apikey=fwji][IE][2012-06-10 08:06:35]
[200][http://apis.kokoa.com/search/news?apikey=fqwk][IE][2012-06-10 08:06:36]
[200][http://apis.kokoa.com/search/news?apikey=23jf][IE][2012-06-10 08:06:37]
[200][http://apis.kokoa.com/search/book?apikey=anw1][IE][2012-06-10 08:06:38]
[200][http://apis.kokoa.com/search/news?apikey=fwji][IE][2012-06-10 08:06:39]
[200][http://apis.kokoa.com/search/book?apikey=fqwk][IE][2012-06-10 08:06:40]
[200][http://apis.kokoa.com/search/blog?apikey=2jdc][IE][2012-06-10 08:06:41]
[200][http://apis.kokoa.com/search/knowledge?apikey=23jf][IE][2012-06-10 08:06:42]
[200][http://apis.kokoa.com/search/blog?apikey=fqwk][IE][2012-06-10 08:06:43]
[200][http://apis.kokoa.com/search/knowledge?apikey=tr8j][IE][2012-06-10 08:06:44]
[200][http://apis.kokoa.com/search/image?apikey=e3ea][IE][2012-06-10 08:06:45]
[200][http://apis.kokoa.com/search/blog?apikey=23jf][IE][2012-06-10 08:06:46]
[200][http://apis.kokoa.com/search/knowledge?apikey=23jf][IE][2012-06-10 08:06:47]
[200][http://apis.kokoa.com/search/vclip?apikey=dcj8][IE][2012-06-10 08:06:48]
[200][http://apis.kokoa.com/search/vclip?apikey=e3ea][IE][2012-06-10 08:06:49]
[200][http://apis.kokoa.com/search/blog?apikey=wejf][IE][2012-06-10 08:06:50]
[200][http://apis.kokoa.com/search/vclip?apikey=2jdc][IE][2012-06-10 08:06:51]
[200][http://apis.kokoa.com/search/image?apikey=e3ea][IE][2012-06-10 08:06:52]
[200][http://apis.kokoa.com/search/book?apikey=jg9k][IE][2012-06-10 08:06:53]
[200][http://apis.kokoa.com/search/knowledge?apikey=wejf][IE][2012-06-10 08:06:54]
[200][http://apis.kokoa.com/search/image?apikey=2jdc][IE][2012-06-10 08:06:55]
[200][http://apis.kokoa.com/search/news?apikey=jg9k][IE][2012-06-10 08:06:56]
[404][http://apis.kokoa.com/search/aaaaapikey=dcj8][IE][2012-06-10 08:06:57]
[200][http://apis.kokoa.com/search/vclip?apikey=fwji][IE][2012-06-10 08:06:58]
[200][http://apis.kokoa.com/search/news?apikey=e3ea][IE][2012-06-10 08:06:59]
[200][http://apis.kokoa.com/search/book?apikey=jg9k][IE][2012-06-10 08:07:00]
[200][http://apis.kokoa.com/search/blog?apikey=wejf][IE][2012-06-10 08:07:01]
[200][http://apis.kokoa.com/search/book?apikey=fqwk][IE][2012-06-10 08:07:02]
[10][http://apis.kokoa.com/search/blog][IE][2012-06-10 08:07:03]
[200][http://apis.kokoa.com/search/knowledge?apikey=anw1][IE][2012-06-10 08:07:04]
[200][http://apis.kokoa.com/search/knowledge?apikey=wejf][IE][2012-06-10 08:07:05]
[200][http://apis.kokoa.com/search/news?apikey=23jf][IE][2012-06-10 08:07:06]
[200][http://apis.kokoa.com/search/knowledge?apikey=dcj8][IE][2012-06-10 08:07:07]
[200][http://apis.kokoa.com/search/blog?apikey=wejf][IE][2012-06-10 08:07:08]
[200][http://apis.kokoa.com/search/vclip?apikey=fwji][IE][2012-06-10 08:07:09]
[200][http://apis.kokoa.com/search/blog?apikey=2jdc][IE][2012-06-10 08:07:10]
[200][http://apis.kokoa.com/search/vclip?apikey=wejf][IE][2012-06-10 08:07:11]
[200][http://apis.kokoa.com/search/image?apikey=fwji][IE][2012-06-10 08:07:12]
[200][http://apis.kokoa.com/search/vclip?apikey=jg9k][IE][2012-06-10 08:07:13]
[200][http://apis.kokoa.com/search/knowledge?apikey=2jdc][IE][2012-06-10 08:07:14]
[200][http://apis.kokoa.com/search/image?apikey=wejf][IE][2012-06-10 08:07:15]
[200][http://apis.kokoa.com/search/news?apikey=2jdc][IE][2012-06-10 08:07:16]
[200][http://apis.kokoa.com/search/image?apikey=jg9k][IE][2012-06-10 08:07:17]
[200][http://apis.kokoa.com/search/vclip?apikey=e3ea][IE][2012-06-10 08:07:18]
[200][http://apis.kokoa.com/search/news?apikey=fwji][Firefox][2012-06-10 08:07:19]
[200][http://apis.kokoa.com/search/book?apikey=fqwk][IE][2012-06-10 08:07:20]
[200][http://apis.kokoa.com/search/news?apikey=anw1][Firefox][2012-06-10 08:07:21]
[200][http://apis.kokoa.com/search/image?apikey=tr8j][IE][2012-06-10 08:07:22]
[200][http://apis.kokoa.com/search/book?apikey=anw1][Firefox][2012-06-10 08:07:23]
[200][http://apis.kokoa.com/search/book?apikey=anw1][IE][2012-06-10 08:07:24]
[200][http://apis.kokoa.com/search/book?apikey=wejf][Firefox][2012-06-10 08:07:25]
[200][http://apis.kokoa.com/search/news?apikey=dcj8][IE][2012-06-10 08:07:26]
[200][http://apis.kokoa.com/search/knowledge?apikey=fqwk][IE][2012-06-10 08:07:27]
[200][http://apis.kokoa.com/search/news?apikey=anw1][IE][2012-06-10 08:07:28]
[200][http://apis.kokoa.com/search/knowledge?apikey=fwji][IE][2012-06-10 08:07:29]
[200][http://apis.kokoa.com/search/vclip?apikey=anw1][IE][2012-06-10 08:07:30]
[200][http://apis.kokoa.com/search/vclip?apikey=tr8j][IE][2012-06-10 08:07:31]
[200][http://apis.kokoa.com/search/blog?apikey=23jf][IE][2012-06-10 08:07:32]
[200][http://apis.kokoa.com/search/blog?apikey=fwji][IE][2012-06-10 08:07:33]
[200][http://apis.kokoa.com/search/image?apikey=wejf][IE][2012-06-10 08:07:34]
[200][http://apis.kokoa.com/search/image?apikey=2jdc][IE][2012-06-10 08:07:35]
[200][http://apis.kokoa.com/search/knowledge?apikey=fwji][IE][2012-06-10 08:07:36]
[200][http://apis.kokoa.com/search/image?apikey=fqwk][IE][2012-06-10 08:07:37]
[200][http://apis.kokoa.com/search/news?apikey=fwji][IE][2012-06-10 08:07:38]
[200][http://apis.kokoa.com/search/image?apikey=23jf][IE][2012-06-10 08:07:39]
[200][http://apis.kokoa.com/search/vclip?apikey=fqwk][Firefox][2012-06-10 08:07:40]
[200][http://apis.kokoa.com/search/vclip?apikey=23jf][IE][2012-06-10 08:07:41]
[200][http://apis.kokoa.com/search/book?apikey=fwji][IE][2012-06-10 08:07:42]
[200][http://apis.kokoa.com/search/vclip?apikey=fwji][IE][2012-06-10 08:07:43]
[200][http://apis.kokoa.com/search/image?apikey=fqwk][Firefox][2012-06-10 08:07:44]
[200][http://apis.kokoa.com/search/book?apikey=2jdc][Opera][2012-06-10 08:07:45]
[200][http://apis.kokoa.com/search/knowledge?apikey=fqwk][Firefox][2012-06-10 08:07:46]
[200][http://apis.kokoa.com/search/book?apikey=fqwk][Chrome][2012-06-10 08:07:47]
[200][http://apis.kokoa.com/search/news?apikey=tr8j][IE][2012-06-10 08:07:48]
[200][http://apis.kokoa.com/search/knowledge?apikey=e3ea][IE][2012-06-10 08:07:49]
[200][http://apis.kokoa.com/search/blog?apikey=23jf][Firefox][2012-06-10 08:07:50]
[200][http://apis.kokoa.com/search/news?apikey=fqwk][Chrome][2012-06-10 08:07:51]
[200][http://apis.kokoa.com/search/blog?apikey=dcj8][IE][2012-06-10 08:07:52]
[200][http://apis.kokoa.com/search/blog?apikey=e3ea][IE][2012-06-10 08:07:53]
[200][http://apis.kokoa.com/search/image?apikey=2jdc][IE][2012-06-10 08:07:54]
[404][http://apis.kokoa.com/search/aaaaapikey=tr8j][IE][2012-06-10 08:07:55]
[200][http://apis.kokoa.com/search/knowledge?apikey=dcj8][IE][2012-06-10 08:07:56]
[200][http://apis.kokoa.com/search/image?apikey=jg9k][IE][2012-06-10 08:07:57]
[200][http://apis.kokoa.com/search/knowledge?apikey=wejf][Firefox][2012-06-10 08:07:58]
[200][http://apis.kokoa.com/search/knowledge?apikey=2jdc][IE][2012-06-10 08:07:59]
[200][http://apis.kokoa.com/search/vclip?apikey=wejf][IE][2012-06-10 08:08:00]
[200][http://apis.kokoa.com/search/blog?apikey=dcj8][Safari][2012-06-10 08:08:01]
[200][http://apis.kokoa.com/search/blog?apikey=fwji][IE][2012-06-10 08:08:02]
[200][http://apis.kokoa.com/search/blog?apikey=e3ea][IE][2012-06-10 08:08:03]
[200][http://apis.kokoa.com/search/image?apikey=jg9k][IE][2012-06-10 08:08:04]
[200][http://apis.kokoa.com/search/image?apikey=wejf][IE][2012-06-10 08:08:05]
[200][http://apis.kokoa.com/search/news?apikey=jg9k][IE][2012-06-10 08:08:06]
[200][http://apis.kokoa.com/search/image?apikey=jg9k][IE][2012-06-10 08:08:07]
[200][http://apis.kokoa.com/search/news?apikey=anw1][IE][2012-06-10 08:08:08]
[200][http://apis.kokoa.com/search/vclip?apikey=wejf][IE][2012-06-10 08:08:09]
[200][http://apis.kokoa.com/search/vclip?apikey=23jf][Chrome][2012-06-10 08:08:10]
[200][http://apis.kokoa.com/search/vclip?apikey=jg9k][IE][2012-06-10 08:08:11]
[200][http://apis.kokoa.com/search/book?apikey=anw1][IE][2012-06-10 08:08:12]
[200][http://apis.kokoa.com/search/book?apikey=fwji][IE][2012-06-10 08:08:13]
[200][http://apis.kokoa.com/search/book?apikey=tr8j][IE][2012-06-10 08:08:14]
[200][http://apis.kokoa.com/search/book?apikey=anw1][IE][2012-06-10 08:08:15]
[200][http://apis.kokoa.com/search/knowledge?apikey=23jf][Opera][2012-06-10 08:08:16]
[200][http://apis.kokoa.com/search/knowledge?apikey=fqwk][IE][2012-06-10 08:08:17]
[200][http://apis.kokoa.com/search/news?apikey=2jdc][IE][2012-06-10 08:08:17]
[200][http://apis.kokoa.com/search/news?apikey=wejf][IE][2012-06-10 08:08:18]
[200][http://apis.kokoa.com/search/vclip?apikey=2jdc][IE][2012-06-10 08:08:19]
[200][http://apis.kokoa.com/search/blog?apikey=fqwk][IE][2012-06-10 08:08:20]
[200][http://apis.kokoa.com/search/blog?apikey=e3ea][IE][2012-06-10 08:08:21]
[200][http://apis.kokoa.com/search/blog?apikey=fwji][IE][2012-06-10 08:08:22]
[200][http://apis.kokoa.com/search/image?apikey=fqwk][IE][2012-06-10 08:08:23]
[200][http://apis.kokoa.com/search/vclip?apikey=anw1][IE][2012-06-10 08:08:24]
[200][http://apis.kokoa.com/search/knowledge?apikey=e3ea][IE][2012-06-10 08:08:25]
[200][http://apis.kokoa.com/search/knowledge?apikey=fwji][IE][2012-06-10 08:08:26]
[200][http://apis.kokoa.com/search/news?apikey=tr8j][IE][2012-06-10 08:08:27]
[200][http://apis.kokoa.com/search/image?apikey=wejf][IE][2012-06-10 08:08:28]
[200][http://apis.kokoa.com/search/vclip?apikey=jg9k][Safari][2012-06-10 08:08:29]
[200][http://apis.kokoa.com/search/news?apikey=fqwk][IE][2012-06-10 08:08:30]
[200][http://apis.kokoa.com/search/book?apikey=tr8j][IE][2012-06-10 08:08:31]
[200][http://apis.kokoa.com/search/news?apikey=23jf][IE][2012-06-10 08:08:32]
[200][http://apis.kokoa.com/search/book?apikey=anw1][IE][2012-06-10 08:08:33]
[200][http://apis.kokoa.com/search/blog?apikey=tr8j][IE][2012-06-10 08:08:34]
[200][http://apis.kokoa.com/search/book?apikey=23jf][IE][2012-06-10 08:08:35]
[200][http://apis.kokoa.com/search/book?apikey=fwji][IE][2012-06-10 08:08:36]
[200][http://apis.kokoa.com/search/news?apikey=wejf][IE][2012-06-10 08:08:37]
[200][http://apis.kokoa.com/search/knowledge?apikey=2jdc][IE][2012-06-10 08:08:38]
[200][http://apis.kokoa.com/search/news?apikey=23jf][IE][2012-06-10 08:08:39]
[200][http://apis.kokoa.com/search/knowledge?apikey=fqwk][IE][2012-06-10 08:08:40]
[200][http://apis.kokoa.com/search/blog?apikey=fwji][IE][2012-06-10 08:08:41]
[200][http://apis.kokoa.com/search/vclip?apikey=e3ea][IE][2012-06-10 08:08:42]
[200][http://apis.kokoa.com/search/blog?apikey=2jdc][IE][2012-06-10 08:08:43]
[200][http://apis.kokoa.com/search/blog?apikey=23jf][IE][2012-06-10 08:08:44]
[200][http://apis.kokoa.com/search/knowledge?apikey=fwji][IE][2012-06-10 08:08:45]
[200][http://apis.kokoa.com/search/image?apikey=e3ea][IE][2012-06-10 08:08:46]
[200][http://apis.kokoa.com/search/knowledge?apikey=fqwk][IE][2012-06-10 08:08:47]
[200][http://apis.kokoa.com/search/image?apikey=tr8j][IE][2012-06-10 08:08:48]
[200][http://apis.kokoa.com/search/vclip?apikey=fqwk][IE][2012-06-10 08:08:49]
[200][http://apis.kokoa.com/search/news?apikey=jg9k][IE][2012-06-10 08:08:50]
[200][http://apis.kokoa.com/search/vclip?apikey=tr8j][IE][2012-06-10 08:08:51]
[200][http://apis.kokoa.com/search/news?apikey=dcj8][IE][2012-06-10 08:08:52]
[200][http://apis.kokoa.com/search/image?apikey=23jf][IE][2012-06-10 08:08:53]
[200][http://apis.kokoa.com/search/book?apikey=dcj8][IE][2012-06-10 08:08:54]
[200][http://apis.kokoa.com/search/book?apikey=dcj8][IE][2012-06-10 08:08:55]
[200][http://apis.kokoa.com/search/book?apikey=e3ea][IE][2012-06-10 08:08:56]
[200][http://apis.kokoa.com/search/news?apikey=2jdc][IE][2012-06-10 08:08:57]
[10][http://apis.kokoa.com/search/knowledge][IE][2012-06-10 08:08:58]
[200][http://apis.kokoa.com/search/news?apikey=dcj8][IE][2012-06-10 08:08:59]
[200][http://apis.kokoa.com/search/knowledge?apikey=jg9k][IE][2012-06-10 08:09:00]
[200][http://apis.kokoa.com/search/book?apikey=2jdc][IE][2012-06-10 08:09:01]
[200][http://apis.kokoa.com/search/blog?apikey=wejf][IE][2012-06-10 08:09:02]
[200][http://apis.kokoa.com/search/blog?apikey=wejf][IE][2012-06-10 08:09:03]
[200][http://apis.kokoa.com/search/blog?apikey=jg9k][IE][2012-06-10 08:09:04]
[200][http://apis.kokoa.com/search/knowledge?apikey=e3ea][IE][2012-06-10 08:09:05]
[200][http://apis.kokoa.com/search/image?apikey=fwji][IE][2012-06-10 08:09:06]
[200][http://apis.kokoa.com/search/knowledge?apikey=jg9k][IE][2012-06-10 08:09:07]
[200][http://apis.kokoa.com/search/image?apikey=anw1][IE][2012-06-10 08:09:08]
[200][http://apis.kokoa.com/search/vclip?apikey=jg9k][IE][2012-06-10 08:09:09]
[200][http://apis.kokoa.com/search/news?apikey=fqwk][IE][2012-06-10 08:09:10]
[200][http://apis.kokoa.com/search/vclip?apikey=anw1][IE][2012-06-10 08:09:11]
[200][http://apis.kokoa.com/search/vclip?apikey=wejf][IE][2012-06-10 08:09:12]
[200][http://apis.kokoa.com/search/image?apikey=jg9k][IE][2012-06-10 08:09:13]
[200][http://apis.kokoa.com/search/book?apikey=fqwk][IE][2012-06-10 08:09:14]
[200][http://apis.kokoa.com/search/image?apikey=anw1][IE][2012-06-10 08:09:15]
[200][http://apis.kokoa.com/search/book?apikey=fwji][IE][2012-06-10 08:09:16]
[200][http://apis.kokoa.com/search/news?apikey=anw1][IE][2012-06-10 08:09:17]
[200][http://apis.kokoa.com/search/knowledge?apikey=tr8j][IE][2012-06-10 08:09:18]
[200][http://apis.kokoa.com/search/news?apikey=23jf][IE][2012-06-10 08:09:19]
[200][http://apis.kokoa.com/search/knowledge?apikey=fqwk][IE][2012-06-10 08:09:20]
[200][http://apis.kokoa.com/search/book?apikey=wejf][IE][2012-06-10 08:09:21]
[200][http://apis.kokoa.com/search/news?apikey=wejf][Firefox][2012-06-10 08:09:22]
[10][http://apis.kokoa.com/search/blog][IE][2012-06-10 08:09:23]
[200][http://apis.kokoa.com/search/blog?apikey=fqwk][IE][2012-06-10 08:09:24]
[200][http://apis.kokoa.com/search/knowledge?apikey=fwji][IE][2012-06-10 08:09:25]
[200][http://apis.kokoa.com/search/book?apikey=fwji][IE][2012-06-10 08:09:26]
[200][http://apis.kokoa.com/search/news?apikey=fqwk][IE][2012-06-10 08:09:27]
[200][http://apis.kokoa.com/search/knowledge?apikey=tr8j][Firefox][2012-06-10 08:09:28]
[200][http://apis.kokoa.com/search/blog?apikey=fwji][IE][2012-06-10 08:09:29]
[200][http://apis.kokoa.com/search/news?apikey=fwji][IE][2012-06-10 08:09:30]
[200][http://apis.kokoa.com/search/blog?apikey=e3ea][IE][2012-06-10 08:09:31]
[200][http://apis.kokoa.com/search/blog?apikey=2jdc][Firefox][2012-06-10 08:09:32]
[200][http://apis.kokoa.com/search/image?apikey=fqwk][IE][2012-06-10 08:09:33]
[200][http://apis.kokoa.com/search/blog?apikey=fqwk][Firefox][2012-06-10 08:09:34]
[200][http://apis.kokoa.com/search/knowledge?apikey=tr8j][IE][2012-06-10 08:09:35]
[200][http://apis.kokoa.com/search/image?apikey=e3ea][IE][2012-06-10 08:09:36]
[200][http://apis.kokoa.com/search/news?apikey=tr8j][IE][2012-06-10 08:09:37]
[200][http://apis.kokoa.com/search/image?apikey=tr8j][IE][2012-06-10 08:09:38]
[200][http://apis.kokoa.com/search/vclip?apikey=dcj8][IE][2012-06-10 08:09:39]
[200][http://apis.kokoa.com/search/vclip?apikey=e3ea][IE][2012-06-10 08:09:40]
[200][http://apis.kokoa.com/search/vclip?apikey=wejf][IE][2012-06-10 08:09:41]
[200][http://apis.kokoa.com/search/vclip?apikey=tr8j][IE][2012-06-10 08:09:42]
[200][http://apis.kokoa.com/search/image?apikey=dcj8][IE][2012-06-10 08:09:43]
[200][http://apis.kokoa.com/search/book?apikey=jg9k][IE][2012-06-10 08:09:44]
[10][http://apis.kokoa.com/search/book][IE][2012-06-10 08:09:45]
[200][http://apis.kokoa.com/search/book?apikey=dcj8][IE][2012-06-10 08:09:46]
[200][http://apis.kokoa.com/search/news?apikey=wejf][IE][2012-06-10 08:09:47]
[200][http://apis.kokoa.com/search/news?apikey=dcj8][IE][2012-06-10 08:09:48]
[200][http://apis.kokoa.com/search/news?apikey=fwji][IE][2012-06-10 08:09:49]
[200][http://apis.kokoa.com/search/news?apikey=e3ea][IE][2012-06-10 08:09:50]
[200][http://apis.kokoa.com/search/book?apikey=jg9k][IE][2012-06-10 08:09:51]
[200][http://apis.kokoa.com/search/blog?apikey=anw1][Opera][2012-06-10 08:09:52]
[200][http://apis.kokoa.com/search/blog?apikey=fqwk][IE][2012-06-10 08:09:53]
[200][http://apis.kokoa.com/search/blog?apikey=jg9k][Chrome][2012-06-10 08:09:54]
[200][http://apis.kokoa.com/search/knowledge?apikey=anw1][IE][2012-06-10 08:09:55]
[200][http://apis.kokoa.com/search/image?apikey=23jf][IE][2012-06-10 08:09:56]
[200][http://apis.kokoa.com/search/vclip?apikey=dcj8][IE][2012-06-10 08:09:57]
[200][http://apis.kokoa.com/search/knowledge?apikey=jg9k][Opera][2012-06-10 08:09:58]
[200][http://apis.kokoa.com/search/vclip?apikey=23jf][IE][2012-06-10 08:09:59]
[200][http://apis.kokoa.com/search/vclip?apikey=fwji][IE][2012-06-10 08:10:00]
[200][http://apis.kokoa.com/search/vclip?apikey=tr8j][Firefox][2012-06-10 08:10:01]
[200][http://apis.kokoa.com/search/vclip?apikey=anw1][IE][2012-06-10 08:10:02]
[200][http://apis.kokoa.com/search/image?apikey=23jf][IE][2012-06-10 08:10:03]
[200][http://apis.kokoa.com/search/book?apikey=fqwk][IE][2012-06-10 08:10:04]
[200][http://apis.kokoa.com/search/image?apikey=2jdc][Firefox][2012-06-10 08:10:05]
[200][http://apis.kokoa.com/search/image?apikey=wejf][IE][2012-06-10 08:10:06]
[200][http://apis.kokoa.com/search/news?apikey=2jdc][Firefox][2012-06-10 08:10:07]
[200][http://apis.kokoa.com/search/news?apikey=fqwk][IE][2012-06-10 08:10:08]
[200][http://apis.kokoa.com/search/news?apikey=e3ea][IE][2012-06-10 08:10:09]
[200][http://apis.kokoa.com/search/news?apikey=fwji][IE][2012-06-10 08:10:10]
[200][http://apis.kokoa.com/search/book?apikey=fqwk][Firefox][2012-06-10 08:10:11]
[200][http://apis.kokoa.com/search/news?apikey=anw1][IE][2012-06-10 08:10:12]
[200][http://apis.kokoa.com/search/blog?apikey=jg9k][IE][2012-06-10 08:10:13]
[200][http://apis.kokoa.com/search/blog?apikey=fqwk][Safari][2012-06-10 08:10:14]
[200][http://apis.kokoa.com/search/knowledge?apikey=tr8j][IE][2012-06-10 08:10:15]
[200][http://apis.kokoa.com/search/book?apikey=wejf][IE][2012-06-10 08:10:16]
[200][http://apis.kokoa.com/search/knowledge?apikey=jg9k][IE][2012-06-10 08:10:17]
[404][http://apis.kokoa.com/search/aaaaapikey=fqwk][Safari][2012-06-10 08:10:18]
[200][http://apis.kokoa.com/search/blog?apikey=tr8j][IE][2012-06-10 08:10:19]
[200][http://apis.kokoa.com/search/knowledge?apikey=23jf][IE][2012-06-10 08:10:20]
[200][http://apis.kokoa.com/search/vclip?apikey=anw1][Opera][2012-06-10 08:10:21]
[200][http://apis.kokoa.com/search/vclip?apikey=tr8j][IE][2012-06-10 08:10:22]
[200][http://apis.kokoa.com/search/image?apikey=dcj8][IE][2012-06-10 08:10:23]
[10][http://apis.kokoa.com/search/vclip][IE][2012-06-10 08:10:24]
[200][http://apis.kokoa.com/search/image?apikey=wejf][Opera][2012-06-10 08:10:25]
[200][http://apis.kokoa.com/search/image?apikey=2jdc][IE][2012-06-10 08:10:26]
[200][http://apis.kokoa.com/search/news?apikey=wejf][Opera][2012-06-10 08:10:27]
[200][http://apis.kokoa.com/search/image?apikey=fqwk][IE][2012-06-10 08:10:28]
[200][http://apis.kokoa.com/search/news?apikey=fwji][IE][2012-06-10 08:10:29]
[200][http://apis.kokoa.com/search/news?apikey=dcj8][IE][2012-06-10 08:10:30]
[200][http://apis.kokoa.com/search/news?apikey=2jdc][IE][2012-06-10 08:10:31]
[200][http://apis.kokoa.com/search/news?apikey=tr8j][IE][2012-06-10 08:10:32]
[200][http://apis.kokoa.com/search/book?apikey=fwji][IE][2012-06-10 08:10:33]
[200][http://apis.kokoa.com/search/book?apikey=e3ea][IE][2012-06-10 08:10:34]
[200][http://apis.kokoa.com/search/blog?apikey=e3ea][Chrome][2012-06-10 08:10:35]
[200][http://apis.kokoa.com/search/book?apikey=tr8j][IE][2012-06-10 08:10:36]
[200][http://apis.kokoa.com/search/knowledge?apikey=fqwk][IE][2012-06-10 08:10:37]
[200][http://apis.kokoa.com/search/knowledge?apikey=jg9k][IE][2012-06-10 08:10:38]
[200][http://apis.kokoa.com/search/knowledge?apikey=tr8j][Chrome][2012-06-10 08:10:39]
[200][http://apis.kokoa.com/search/knowledge?apikey=dcj8][IE][2012-06-10 08:10:40]
[200][http://apis.kokoa.com/search/vclip?apikey=tr8j][Chrome][2012-06-10 08:10:41]
[200][http://apis.kokoa.com/search/vclip?apikey=anw1][IE][2012-06-10 08:10:42]
[10][http://apis.kokoa.com/search/vclip][IE][2012-06-10 08:10:43]
[200][http://apis.kokoa.com/search/blog?apikey=e3ea][IE][2012-06-10 08:10:44]
[200][http://apis.kokoa.com/search/image?apikey=tr8j][Chrome][2012-06-10 08:10:45]
[200][http://apis.kokoa.com/search/vclip?apikey=tr8j][IE][2012-06-10 08:10:46]
[200][http://apis.kokoa.com/search/image?apikey=dcj8][IE][2012-06-10 08:10:47]
[200][http://apis.kokoa.com/search/image?apikey=jg9k][IE][2012-06-10 08:10:48]
[10][http://apis.kokoa.com/search/news][IE][2012-06-10 08:10:49]
[200][http://apis.kokoa.com/search/book?apikey=dcj8][IE][2012-06-10 08:10:50]
[200][http://apis.kokoa.com/search/news?apikey=wejf][IE][2012-06-10 08:10:51]
[200][http://apis.kokoa.com/search/vclip?apikey=jg9k][IE][2012-06-10 08:10:52]
[200][http://apis.kokoa.com/search/image?apikey=e3ea][IE][2012-06-10 08:10:53]
[200][http://apis.kokoa.com/search/vclip?apikey=e3ea][IE][2012-06-10 08:10:54]
[200][http://apis.kokoa.com/search/image?apikey=jg9k][IE][2012-06-10 08:10:55]
[200][http://apis.kokoa.com/search/book?apikey=anw1][IE][2012-06-10 08:10:56]
[200][http://apis.kokoa.com/search/book?apikey=fqwk][IE][2012-06-10 08:10:57]
[200][http://apis.kokoa.com/search/book?apikey=jg9k][IE][2012-06-10 08:10:58]
[200][http://apis.kokoa.com/search/news?apikey=anw1][IE][2012-06-10 08:10:59]
[200][http://apis.kokoa.com/search/knowledge?apikey=23jf][IE][2012-06-10 08:11:00]
[200][http://apis.kokoa.com/search/news?apikey=fqwk][IE][2012-06-10 08:11:01]
[200][http://apis.kokoa.com/search/news?apikey=jg9k][IE][2012-06-10 08:11:02]
[200][http://apis.kokoa.com/search/blog?apikey=fqwk][IE][2012-06-10 08:11:03]
[200][http://apis.kokoa.com/search/blog?apikey=fwji][IE][2012-06-10 08:11:04]
[404][http://apis.kokoa.com/search/aaaaapikey=tr8j][IE][2012-06-10 08:11:05]
[200][http://apis.kokoa.com/search/blog?apikey=anw1][IE][2012-06-10 08:11:06]
[200][http://apis.kokoa.com/search/knowledge?apikey=23jf][IE][2012-06-10 08:11:07]
[200][http://apis.kokoa.com/search/image?apikey=fqwk][IE][2012-06-10 08:11:08]
[200][http://apis.kokoa.com/search/knowledge?apikey=2jdc][IE][2012-06-10 08:11:09]
[10][http://apis.kokoa.com/search/knowledge][IE][2012-06-10 08:11:10]
[404][http://apis.kokoa.com/search/aaaaapikey=2jdc][IE][2012-06-10 08:11:11]
[200][http://apis.kokoa.com/search/knowledge?apikey=jg9k][IE][2012-06-10 08:11:12]
[200][http://apis.kokoa.com/search/vclip?apikey=e3ea][IE][2012-06-10 08:11:13]
[200][http://apis.kokoa.com/search/vclip?apikey=23jf][IE][2012-06-10 08:11:14]
[200][http://apis.kokoa.com/search/image?apikey=2jdc][IE][2012-06-10 08:11:15]
[10][http://apis.kokoa.com/search/vclip][IE][2012-06-10 08:11:16]
[200][http://apis.kokoa.com/search/book?apikey=wejf][IE][2012-06-10 08:11:17]
[200][http://apis.kokoa.com/search/book?apikey=2jdc][IE][2012-06-10 08:11:18]
[200][http://apis.kokoa.com/search/news?apikey=e3ea][IE][2012-06-10 08:11:19]
[200][http://apis.kokoa.com/search/image?apikey=anw1][IE][2012-06-10 08:11:20]
[200][http://apis.kokoa.com/search/news?apikey=jg9k][IE][2012-06-10 08:11:21]
[200][http://apis.kokoa.com/search/news?apikey=fqwk][IE][2012-06-10 08:11:22]
[200][http://apis.kokoa.com/search/vclip?apikey=anw1][IE][2012-06-10 08:11:23]
[200][http://apis.kokoa.com/search/news?apikey=23jf][IE][2012-06-10 08:11:24]
[200][http://apis.kokoa.com/search/blog?apikey=anw1][IE][2012-06-10 08:11:25]
[200][http://apis.kokoa.com/search/blog?apikey=tr8j][IE][2012-06-10 08:11:26]
[200][http://apis.kokoa.com/search/book?apikey=23jf][IE][2012-06-10 08:11:27]
[200][http://apis.kokoa.com/search/blog?apikey=2jdc][Firefox][2012-06-10 08:11:28]
[200][http://apis.kokoa.com/search/knowledge?apikey=anw1][IE][2012-06-10 08:11:29]
[200][http://apis.kokoa.com/search/knowledge?apikey=tr8j][IE][2012-06-10 08:11:30]
[200][http://apis.kokoa.com/search/knowledge?apikey=tr8j][IE][2012-06-10 08:11:31]
[200][http://apis.kokoa.com/search/knowledge?apikey=fqwk][Firefox][2012-06-10 08:11:32]
[200][http://apis.kokoa.com/search/vclip?apikey=23jf][IE][2012-06-10 08:11:33]
[200][http://apis.kokoa.com/search/knowledge?apikey=23jf][Firefox][2012-06-10 08:11:34]
[10][http://apis.kokoa.com/search/blog][IE][2012-06-10 08:11:35]
[200][http://apis.kokoa.com/search/vclip?apikey=tr8j][IE][2012-06-10 08:11:36]
[200][http://apis.kokoa.com/search/image?apikey=fwji][IE][2012-06-10 08:11:36]
[200][http://apis.kokoa.com/search/blog?apikey=23jf][Firefox][2012-06-10 08:11:37]
[200][http://apis.kokoa.com/search/image?apikey=e3ea][IE][2012-06-10 08:11:38]
[200][http://apis.kokoa.com/search/image?apikey=tr8j][IE][2012-06-10 08:11:39]
[10][http://apis.kokoa.com/search/news][IE][2012-06-10 08:11:40]
[200][http://apis.kokoa.com/search/image?apikey=2jdc][IE][2012-06-10 08:11:41]
[200][http://apis.kokoa.com/search/vclip?apikey=e3ea][IE][2012-06-10 08:11:42]
[404][http://apis.kokoa.com/search/aaaaapikey=dcj8][IE][2012-06-10 08:11:43]
[200][http://apis.kokoa.com/search/news?apikey=fwji][IE][2012-06-10 08:11:44]
[200][http://apis.kokoa.com/search/news?apikey=e3ea][IE][2012-06-10 08:11:45]
[200][http://apis.kokoa.com/search/book?apikey=jg9k][IE][2012-06-10 08:11:46]
[200][http://apis.kokoa.com/search/book?apikey=e3ea][IE][2012-06-10 08:11:47]
[200][http://apis.kokoa.com/search/book?apikey=anw1][IE][2012-06-10 08:11:48]
[200][http://apis.kokoa.com/search/book?apikey=tr8j][IE][2012-06-10 08:11:49]
[200][http://apis.kokoa.com/search/news?apikey=dcj8][IE][2012-06-10 08:11:50]
[200][http://apis.kokoa.com/search/vclip?apikey=fqwk][IE][2012-06-10 08:11:51]
[10][http://apis.kokoa.com/search/book][IE][2012-06-10 08:11:52]
[200][http://apis.kokoa.com/search/book?apikey=dcj8][IE][2012-06-10 08:11:53]
[200][http://apis.kokoa.com/search/image?apikey=2jdc][IE][2012-06-10 08:11:54]
[200][http://apis.kokoa.com/search/image?apikey=fqwk][IE][2012-06-10 08:11:55]
[200][http://apis.kokoa.com/search/news?apikey=fwji][IE][2012-06-10 08:11:56]
[200][http://apis.kokoa.com/search/image?apikey=fwji][IE][2012-06-10 08:11:57]
[200][http://apis.kokoa.com/search/vclip?apikey=fqwk][IE][2012-06-10 08:11:58]
[200][http://apis.kokoa.com/search/news?apikey=tr8j][IE][2012-06-10 08:11:59]
[200][http://apis.kokoa.com/search/blog?apikey=fqwk][IE][2012-06-10 08:12:00]
[200][http://apis.kokoa.com/search/news?apikey=2jdc][IE][2012-06-10 08:12:01]
[200][http://apis.kokoa.com/search/book?apikey=tr8j][IE][2012-06-10 08:12:02]
[200][http://apis.kokoa.com/search/blog?apikey=dcj8][Firefox][2012-06-10 08:12:03]
[200][http://apis.kokoa.com/search/knowledge?apikey=fqwk][IE][2012-06-10 08:12:04]
[200][http://apis.kokoa.com/search/book?apikey=fqwk][IE][2012-06-10 08:12:05]
[200][http://apis.kokoa.com/search/knowledge?apikey=jg9k][IE][2012-06-10 08:12:06]
[200][http://apis.kokoa.com/search/knowledge?apikey=e3ea][Firefox][2012-06-10 08:12:07]
[200][http://apis.kokoa.com/search/vclip?apikey=tr8j][IE][2012-06-10 08:12:08]
[200][http://apis.kokoa.com/search/knowledge?apikey=tr8j][Opera][2012-06-10 08:12:09]
[200][http://apis.kokoa.com/search/blog?apikey=dcj8][IE][2012-06-10 08:12:10]
[200][http://apis.kokoa.com/search/vclip?apikey=jg9k][IE][2012-06-10 08:12:11]
[200][http://apis.kokoa.com/search/image?apikey=2jdc][IE][2012-06-10 08:12:12]
[404][http://apis.kokoa.com/search/aaaaapikey=tr8j][Opera][2012-06-10 08:12:13]
[404][http://apis.kokoa.com/search/aaaaapikey=wejf][IE][2012-06-10 08:12:14]
[200][http://apis.kokoa.com/search/image?apikey=jg9k][IE][2012-06-10 08:12:15]
[200][http://apis.kokoa.com/search/vclip?apikey=e3ea][IE][2012-06-10 08:12:16]
[200][http://apis.kokoa.com/search/image?apikey=e3ea][IE][2012-06-10 08:12:17]
[200][http://apis.kokoa.com/search/vclip?apikey=jg9k][Firefox][2012-06-10 08:12:18]
[200][http://apis.kokoa.com/search/news?apikey=anw1][Opera][2012-06-10 08:12:19]
[200][http://apis.kokoa.com/search/vclip?apikey=fqwk][IE][2012-06-10 08:12:20]
[200][http://apis.kokoa.com/search/news?apikey=wejf][Chrome][2012-06-10 08:12:21]
[200][http://apis.kokoa.com/search/book?apikey=fwji][IE][2012-06-10 08:12:22]
[200][http://apis.kokoa.com/search/book?apikey=wejf][Opera][2012-06-10 08:12:23]
[200][http://apis.kokoa.com/search/image?apikey=fqwk][IE][2012-06-10 08:12:24]
[200][http://apis.kokoa.com/search/book?apikey=jg9k][Chrome][2012-06-10 08:12:25]
[200][http://apis.kokoa.com/search/news?apikey=anw1][IE][2012-06-10 08:12:26]
[200][http://apis.kokoa.com/search/knowledge?apikey=fwji][IE][2012-06-10 08:12:27]
[200][http://apis.kokoa.com/search/news?apikey=tr8j][Firefox][2012-06-10 08:12:28]
[200][http://apis.kokoa.com/search/knowledge?apikey=anw1][IE][2012-06-10 08:12:29]
[200][http://apis.kokoa.com/search/blog?apikey=23jf][IE][2012-06-10 08:12:30]
[200][http://apis.kokoa.com/search/knowledge?apikey=wejf][IE][2012-06-10 08:12:31]
[200][http://apis.kokoa.com/search/book?apikey=2jdc][Firefox][2012-06-10 08:12:32]
[200][http://apis.kokoa.com/search/blog?apikey=anw1][IE][2012-06-10 08:12:33]
[200][http://apis.kokoa.com/search/image?apikey=2jdc][Firefox][2012-06-10 08:12:34]
[200][http://apis.kokoa.com/search/image?apikey=fqwk][IE][2012-06-10 08:12:35]
[200][http://apis.kokoa.com/search/knowledge?apikey=dcj8][IE][2012-06-10 08:12:36]
[200][http://apis.kokoa.com/search/news?apikey=e3ea][Chrome][2012-06-10 08:12:37]
[200][http://apis.kokoa.com/search/book?apikey=jg9k][IE][2012-06-10 08:12:38]
[200][http://apis.kokoa.com/search/blog?apikey=anw1][IE][2012-06-10 08:12:39]
[200][http://apis.kokoa.com/search/news?apikey=tr8j][IE][2012-06-10 08:12:40]
[200][http://apis.kokoa.com/search/book?apikey=e3ea][Chrome][2012-06-10 08:12:41]
[200][http://apis.kokoa.com/search/knowledge?apikey=anw1][IE][2012-06-10 08:12:42]
[200][http://apis.kokoa.com/search/knowledge?apikey=wejf][IE][2012-06-10 08:12:43]
[200][http://apis.kokoa.com/search/news?apikey=fqwk][Firefox][2012-06-10 08:12:44]
[200][http://apis.kokoa.com/search/knowledge?apikey=jg9k][IE][2012-06-10 08:12:45]
[200][http://apis.kokoa.com/search/blog?apikey=anw1][IE][2012-06-10 08:12:46]
[200][http://apis.kokoa.com/search/vclip?apikey=fwji][IE][2012-06-10 08:12:47]
[200][http://apis.kokoa.com/search/blog?apikey=tr8j][IE][2012-06-10 08:12:48]
[200][http://apis.kokoa.com/search/vclip?apikey=anw1][IE][2012-06-10 08:12:49]
[200][http://apis.kokoa.com/search/image?apikey=23jf][Firefox][2012-06-10 08:12:50]
[200][http://apis.kokoa.com/search/image?apikey=fwji][IE][2012-06-10 08:12:51]
[200][http://apis.kokoa.com/search/knowledge?apikey=2jdc][IE][2012-06-10 08:12:52]
[404][http://apis.kokoa.com/search/aaaaapikey=wejf][IE][2012-06-10 08:12:53]
[200][http://apis.kokoa.com/search/vclip?apikey=fwji][Firefox][2012-06-10 08:12:54]
[200][http://apis.kokoa.com/search/news?apikey=fqwk][Chrome][2012-06-10 08:12:55]
[200][http://apis.kokoa.com/search/vclip?apikey=e3ea][IE][2012-06-10 08:12:56]
[200][http://apis.kokoa.com/search/news?apikey=23jf][Safari][2012-06-10 08:12:57]
[200][http://apis.kokoa.com/search/book?apikey=2jdc][IE][2012-06-10 08:12:58]
[200][http://apis.kokoa.com/search/vclip?apikey=jg9k][IE][2012-06-10 08:12:59]
[200][http://apis.kokoa.com/search/image?apikey=e3ea][IE][2012-06-10 08:13:00]
[200][http://apis.kokoa.com/search/book?apikey=fwji][Safari][2012-06-10 08:13:01]
[200][http://apis.kokoa.com/search/news?apikey=fqwk][IE][2012-06-10 08:13:02]
[200][http://apis.kokoa.com/search/book?apikey=anw1][IE][2012-06-10 08:13:03]
[200][http://apis.kokoa.com/search/news?apikey=jg9k][Opera][2012-06-10 08:13:04]
[200][http://apis.kokoa.com/search/knowledge?apikey=fqwk][IE][2012-06-10 08:13:05]
[200][http://apis.kokoa.com/search/blog?apikey=tr8j][IE][2012-06-10 08:13:06]
[200][http://apis.kokoa.com/search/knowledge?apikey=23jf][IE][2012-06-10 08:13:07]
[200][http://apis.kokoa.com/search/book?apikey=dcj8][Opera][2012-06-10 08:13:08]
[200][http://apis.kokoa.com/search/blog?apikey=fqwk][IE][2012-06-10 08:13:09]
[200][http://apis.kokoa.com/search/blog?apikey=23jf][IE][2012-06-10 08:13:10]
[200][http://apis.kokoa.com/search/blog?apikey=fwji][IE][2012-06-10 08:13:11]
[200][http://apis.kokoa.com/search/knowledge?apikey=anw1][IE][2012-06-10 08:13:12]
[200][http://apis.kokoa.com/search/image?apikey=tr8j][IE][2012-06-10 08:13:13]
[200][http://apis.kokoa.com/search/knowledge?apikey=23jf][IE][2012-06-10 08:13:14]
[200][http://apis.kokoa.com/search/image?apikey=fqwk][IE][2012-06-10 08:13:15]
[200][http://apis.kokoa.com/search/blog?apikey=wejf][IE][2012-06-10 08:13:16]
[200][http://apis.kokoa.com/search/vclip?apikey=2jdc][IE][2012-06-10 08:13:17]
[10][http://apis.kokoa.com/search/vclip][Safari][2012-06-10 08:13:18]
[200][http://apis.kokoa.com/search/vclip?apikey=fqwk][IE][2012-06-10 08:13:19]
[200][http://apis.kokoa.com/search/image?apikey=fwji][IE][2012-06-10 08:13:20]
[200][http://apis.kokoa.com/search/vclip?apikey=23jf][IE][2012-06-10 08:13:21]
[200][http://apis.kokoa.com/search/image?apikey=fqwk][Chrome][2012-06-10 08:13:22]
[200][http://apis.kokoa.com/search/book?apikey=tr8j][IE][2012-06-10 08:13:23]
[10][http://apis.kokoa.com/search/news][Chrome][2012-06-10 08:13:24]
[200][http://apis.kokoa.com/search/knowledge?apikey=jg9k][IE][2012-06-10 08:13:25]
[200][http://apis.kokoa.com/search/news?apikey=e3ea][IE][2012-06-10 08:13:26]
[200][http://apis.kokoa.com/search/news?apikey=2jdc][IE][2012-06-10 08:13:27]
[200][http://apis.kokoa.com/search/book?apikey=fqwk][Chrome][2012-06-10 08:13:28]
[10][http://apis.kokoa.com/search/blog][IE][2012-06-10 08:13:29]
[200][http://apis.kokoa.com/search/book?apikey=tr8j][IE][2012-06-10 08:13:30]
[200][http://apis.kokoa.com/search/blog?apikey=e3ea][IE][2012-06-10 08:13:31]
[200][http://apis.kokoa.com/search/knowledge?apikey=tr8j][IE][2012-06-10 08:13:32]
[200][http://apis.kokoa.com/search/image?apikey=anw1][IE][2012-06-10 08:13:33]
[200][http://apis.kokoa.com/search/knowledge?apikey=dcj8][IE][2012-06-10 08:13:34]
[200][http://apis.kokoa.com/search/image?apikey=wejf][IE][2012-06-10 08:13:35]
[200][http://apis.kokoa.com/search/blog?apikey=2jdc][IE][2012-06-10 08:13:36]
[200][http://apis.kokoa.com/search/knowledge?apikey=tr8j][IE][2012-06-10 08:13:37]
[200][http://apis.kokoa.com/search/vclip?apikey=wejf][IE][2012-06-10 08:13:38]
[200][http://apis.kokoa.com/search/vclip?apikey=jg9k][IE][2012-06-10 08:13:39]
[200][http://apis.kokoa.com/search/image?apikey=e3ea][IE][2012-06-10 08:13:40]
[200][http://apis.kokoa.com/search/vclip?apikey=dcj8][IE][2012-06-10 08:13:41]
[200][http://apis.kokoa.com/search/knowledge?apikey=wejf][IE][2012-06-10 08:13:42]
[200][http://apis.kokoa.com/search/image?apikey=anw1][IE][2012-06-10 08:13:43]
[200][http://apis.kokoa.com/search/vclip?apikey=e3ea][IE][2012-06-10 08:13:44]
[10][http://apis.kokoa.com/search/knowledge][IE][2012-06-10 08:13:45]
[404][http://apis.kokoa.com/search/aaaaapikey=fwji][IE][2012-06-10 08:13:46]
[200][http://apis.kokoa.com/search/vclip?apikey=wejf][IE][2012-06-10 08:13:47]
[200][http://apis.kokoa.com/search/book?apikey=jg9k][IE][2012-06-10 08:13:48]
[200][http://apis.kokoa.com/search/vclip?apikey=jg9k][IE][2012-06-10 08:13:49]
[200][http://apis.kokoa.com/search/image?apikey=anw1][IE][2012-06-10 08:13:50]
[200][http://apis.kokoa.com/search/book?apikey=23jf][IE][2012-06-10 08:13:51]
[404][http://apis.kokoa.com/search/aaaaapikey=anw1][IE][2012-06-10 08:13:52]
[200][http://apis.kokoa.com/search/book?apikey=anw1][IE][2012-06-10 08:13:53]
[200][http://apis.kokoa.com/search/news?apikey=23jf][IE][2012-06-10 08:13:54]
[200][http://apis.kokoa.com/search/news?apikey=fwji][IE][2012-06-10 08:13:55]
[200][http://apis.kokoa.com/search/blog?apikey=wejf][IE][2012-06-10 08:13:56]
[200][http://apis.kokoa.com/search/news?apikey=anw1][IE][2012-06-10 08:13:57]
[200][http://apis.kokoa.com/search/book?apikey=23jf][IE][2012-06-10 08:13:58]
[200][http://apis.kokoa.com/search/blog?apikey=fqwk][IE][2012-06-10 08:13:59]
[200][http://apis.kokoa.com/search/blog?apikey=dcj8][IE][2012-06-10 08:14:00]
[200][http://apis.kokoa.com/search/blog?apikey=23jf][IE][2012-06-10 08:14:01]
[200][http://apis.kokoa.com/search/knowledge?apikey=2jdc][IE][2012-06-10 08:14:02]
[200][http://apis.kokoa.com/search/knowledge?apikey=fqwk][IE][2012-06-10 08:14:03]
[200][http://apis.kokoa.com/search/knowledge?apikey=e3ea][IE][2012-06-10 08:14:04]
[200][http://apis.kokoa.com/search/knowledge?apikey=fwji][IE][2012-06-10 08:14:05]
[200][http://apis.kokoa.com/search/blog?apikey=fqwk][IE][2012-06-10 08:14:06]
[200][http://apis.kokoa.com/search/knowledge?apikey=anw1][IE][2012-06-10 08:14:07]
[200][http://apis.kokoa.com/search/vclip?apikey=jg9k][IE][2012-06-10 08:14:08]
[200][http://apis.kokoa.com/search/vclip?apikey=fqwk][Firefox][2012-06-10 08:14:09]
[200][http://apis.kokoa.com/search/image?apikey=tr8j][IE][2012-06-10 08:14:10]
[200][http://apis.kokoa.com/search/vclip?apikey=23jf][Firefox][2012-06-10 08:14:11]
[200][http://apis.kokoa.com/search/image?apikey=jg9k][IE][2012-06-10 08:14:12]
[200][http://apis.kokoa.com/search/image?apikey=fqwk][IE][2012-06-10 08:14:13]
[200][http://apis.kokoa.com/search/knowledge?apikey=dcj8][IE][2012-06-10 08:14:14]
[200][http://apis.kokoa.com/search/image?apikey=23jf][Firefox][2012-06-10 08:14:15]
[10][http://apis.kokoa.com/search/news][IE][2012-06-10 08:14:16]
[200][http://apis.kokoa.com/search/news?apikey=tr8j][IE][2012-06-10 08:14:17]
[200][http://apis.kokoa.com/search/news?apikey=23jf][IE][2012-06-10 08:14:18]
[404][http://apis.kokoa.com/search/aaaaapikey=2jdc][IE][2012-06-10 08:14:19]
[200][http://apis.kokoa.com/search/book?apikey=wejf][IE][2012-06-10 08:14:20]
[200][http://apis.kokoa.com/search/book?apikey=2jdc][IE][2012-06-10 08:14:21]
[200][http://apis.kokoa.com/search/blog?apikey=2jdc][IE][2012-06-10 08:14:22]
[200][http://apis.kokoa.com/search/book?apikey=fqwk][IE][2012-06-10 08:14:23]
[200][http://apis.kokoa.com/search/knowledge?apikey=fwji][IE][2012-06-10 08:14:24]
[200][http://apis.kokoa.com/search/knowledge?apikey=e3ea][IE][2012-06-10 08:14:25]
[200][http://apis.kokoa.com/search/knowledge?apikey=2jdc][IE][2012-06-10 08:14:26]
[200][http://apis.kokoa.com/search/knowledge?apikey=tr8j][IE][2012-06-10 08:14:27]
[200][http://apis.kokoa.com/search/vclip?apikey=fqwk][IE][2012-06-10 08:14:28]
[200][http://apis.kokoa.com/search/image?apikey=2jdc][IE][2012-06-10 08:14:29]
[200][http://apis.kokoa.com/search/vclip?apikey=e3ea][IE][2012-06-10 08:14:30]
[200][http://apis.kokoa.com/search/blog?apikey=tr8j][IE][2012-06-10 08:14:31]
[200][http://apis.kokoa.com/search/image?apikey=fqwk][IE][2012-06-10 08:14:32]
[200][http://apis.kokoa.com/search/vclip?apikey=fqwk][IE][2012-06-10 08:14:33]
[200][http://apis.kokoa.com/search/image?apikey=tr8j][IE][2012-06-10 08:14:34]
[200][http://apis.kokoa.com/search/image?apikey=dcj8][Firefox][2012-06-10 08:14:35]
[200][http://apis.kokoa.com/search/news?apikey=tr8j][IE][2012-06-10 08:14:36]
[200][http://apis.kokoa.com/search/book?apikey=tr8j][Opera][2012-06-10 08:14:37]
[404][http://apis.kokoa.com/search/aaaaapikey=dcj8][IE][2012-06-10 08:14:38]
[200][http://apis.kokoa.com/search/knowledge?apikey=wejf][IE][2012-06-10 08:14:39]
[200][http://apis.kokoa.com/search/book?apikey=2jdc][IE][2012-06-10 08:14:40]
[200][http://apis.kokoa.com/search/news?apikey=tr8j][Opera][2012-06-10 08:14:41]
[200][http://apis.kokoa.com/search/blog?apikey=wejf][IE][2012-06-10 08:14:42]
[200][http://apis.kokoa.com/search/blog?apikey=jg9k][IE][2012-06-10 08:14:43]
[200][http://apis.kokoa.com/search/book?apikey=23jf][Firefox][2012-06-10 08:14:44]
[200][http://apis.kokoa.com/search/blog?apikey=dcj8][IE][2012-06-10 08:14:45]
[200][http://apis.kokoa.com/search/knowledge?apikey=wejf][IE][2012-06-10 08:14:46]
[200][http://apis.kokoa.com/search/image?apikey=anw1][IE][2012-06-10 08:14:47]
[200][http://apis.kokoa.com/search/news?apikey=fwji][Firefox][2012-06-10 08:14:48]
[200][http://apis.kokoa.com/search/knowledge?apikey=e3ea][IE][2012-06-10 08:14:49]
[200][http://apis.kokoa.com/search/vclip?apikey=fwji][Firefox][2012-06-10 08:14:50]
[200][http://apis.kokoa.com/search/vclip?apikey=anw1][IE][2012-06-10 08:14:51]
[200][http://apis.kokoa.com/search/blog?apikey=fqwk][IE][2012-06-10 08:14:52]
[200][http://apis.kokoa.com/search/vclip?apikey=wejf][IE][2012-06-10 08:14:53]
[200][http://apis.kokoa.com/search/image?apikey=anw1][Firefox][2012-06-10 08:14:54]
[200][http://apis.kokoa.com/search/vclip?apikey=dcj8][IE][2012-06-10 08:14:55]
[200][http://apis.kokoa.com/search/image?apikey=e3ea][IE][2012-06-10 08:14:55]
[200][http://apis.kokoa.com/search/book?apikey=fwji][Safari][2012-06-10 08:14:56]
[200][http://apis.kokoa.com/search/news?apikey=fqwk][IE][2012-06-10 08:14:57]
[200][http://apis.kokoa.com/search/image?apikey=dcj8][IE][2012-06-10 08:14:58]
[200][http://apis.kokoa.com/search/vclip?apikey=tr8j][IE][2012-06-10 08:14:59]
[200][http://apis.kokoa.com/search/news?apikey=anw1][Safari][2012-06-10 08:15:00]
[200][http://apis.kokoa.com/search/book?apikey=23jf][IE][2012-06-10 08:15:01]
[200][http://apis.kokoa.com/search/news?apikey=wejf][IE][2012-06-10 08:15:02]
[200][http://apis.kokoa.com/search/book?apikey=dcj8][Opera][2012-06-10 08:15:03]
[200][http://apis.kokoa.com/search/blog?apikey=23jf][IE][2012-06-10 08:15:04]
[200][http://apis.kokoa.com/search/book?apikey=wejf][IE][2012-06-10 08:15:05]
[200][http://apis.kokoa.com/search/book?apikey=jg9k][IE][2012-06-10 08:15:06]
[10][http://apis.kokoa.com/search/news][Firefox][2012-06-10 08:15:07]
[200][http://apis.kokoa.com/search/news?apikey=23jf][IE][2012-06-10 08:15:08]
[200][http://apis.kokoa.com/search/vclip?apikey=wejf][IE][2012-06-10 08:15:09]
[10][http://apis.kokoa.com/search/news][IE][2012-06-10 08:15:10]
[200][http://apis.kokoa.com/search/blog?apikey=jg9k][IE][2012-06-10 08:15:11]
[200][http://apis.kokoa.com/search/blog?apikey=2jdc][IE][2012-06-10 08:15:12]
[200][http://apis.kokoa.com/search/book?apikey=fwji][Chrome][2012-06-10 08:15:13]
[200][http://apis.kokoa.com/search/blog?apikey=23jf][IE][2012-06-10 08:15:14]
[200][http://apis.kokoa.com/search/knowledge?apikey=jg9k][IE][2012-06-10 08:15:15]
[200][http://apis.kokoa.com/search/book?apikey=jg9k][IE][2012-06-10 08:15:16]
[200][http://apis.kokoa.com/search/knowledge?apikey=fqwk][IE][2012-06-10 08:15:17]
[200][http://apis.kokoa.com/search/knowledge?apikey=23jf][IE][2012-06-10 08:15:18]
[200][http://apis.kokoa.com/search/knowledge?apikey=tr8j][IE][2012-06-10 08:15:19]
[200][http://apis.kokoa.com/search/knowledge?apikey=anw1][IE][2012-06-10 08:15:20]
[200][http://apis.kokoa.com/search/blog?apikey=23jf][IE][2012-06-10 08:15:21]
[200][http://apis.kokoa.com/search/vclip?apikey=2jdc][IE][2012-06-10 08:15:22]
[10][http://apis.kokoa.com/search/blog][IE][2012-06-10 08:15:23]
[200][http://apis.kokoa.com/search/blog?apikey=anw1][IE][2012-06-10 08:15:24]
[200][http://apis.kokoa.com/search/image?apikey=tr8j][IE][2012-06-10 08:15:25]
[200][http://apis.kokoa.com/search/blog?apikey=wejf][IE][2012-06-10 08:15:26]
[200][http://apis.kokoa.com/search/image?apikey=dcj8][IE][2012-06-10 08:15:27]
[200][http://apis.kokoa.com/search/image?apikey=23jf][IE][2012-06-10 08:15:28]
[10][http://apis.kokoa.com/search/vclip][IE][2012-06-10 08:15:29]
[200][http://apis.kokoa.com/search/image?apikey=fwji][IE][2012-06-10 08:15:30]
[200][http://apis.kokoa.com/search/news?apikey=wejf][IE][2012-06-10 08:15:31]
[200][http://apis.kokoa.com/search/news?apikey=2jdc][IE][2012-06-10 08:15:32]
[200][http://apis.kokoa.com/search/vclip?apikey=fwji][IE][2012-06-10 08:15:33]
[200][http://apis.kokoa.com/search/vclip?apikey=anw1][IE][2012-06-10 08:15:34]
[200][http://apis.kokoa.com/search/book?apikey=jg9k][IE][2012-06-10 08:15:35]
[200][http://apis.kokoa.com/search/book?apikey=2jdc][IE][2012-06-10 08:15:36]
[200][http://apis.kokoa.com/search/image?apikey=fwji][IE][2012-06-10 08:15:37]
[200][http://apis.kokoa.com/search/book?apikey=23jf][IE][2012-06-10 08:15:38]
[200][http://apis.kokoa.com/search/knowledge?apikey=fwji][IE][2012-06-10 08:15:39]
[200][http://apis.kokoa.com/search/book?apikey=fwji][IE][2012-06-10 08:15:40]
[200][http://apis.kokoa.com/search/news?apikey=fqwk][IE][2012-06-10 08:15:41]
[200][http://apis.kokoa.com/search/knowledge?apikey=2jdc][IE][2012-06-10 08:15:42]
[200][http://apis.kokoa.com/search/blog?apikey=anw1][IE][2012-06-10 08:15:43]
[200][http://apis.kokoa.com/search/news?apikey=anw1][IE][2012-06-10 08:15:44]
[200][http://apis.kokoa.com/search/blog?apikey=tr8j][IE][2012-06-10 08:15:45]
[200][http://apis.kokoa.com/search/blog?apikey=2jdc][IE][2012-06-10 08:15:46]
[200][http://apis.kokoa.com/search/blog?apikey=dcj8][IE][2012-06-10 08:15:47]
[200][http://apis.kokoa.com/search/blog?apikey=fqwk][IE][2012-06-10 08:15:48]
[200][http://apis.kokoa.com/search/knowledge?apikey=2jdc][IE][2012-06-10 08:15:49]
[200][http://apis.kokoa.com/search/image?apikey=e3ea][IE][2012-06-10 08:15:50]
[200][http://apis.kokoa.com/search/knowledge?apikey=dcj8][IE][2012-06-10 08:15:51]
[200][http://apis.kokoa.com/search/knowledge?apikey=23jf][IE][2012-06-10 08:15:52]
[200][http://apis.kokoa.com/search/vclip?apikey=dcj8][IE][2012-06-10 08:15:53]
[200][http://apis.kokoa.com/search/vclip?apikey=tr8j][IE][2012-06-10 08:15:54]
[200][http://apis.kokoa.com/search/vclip?apikey=wejf][IE][2012-06-10 08:15:55]
[200][http://apis.kokoa.com/search/vclip?apikey=2jdc][IE][2012-06-10 08:15:56]
[200][http://apis.kokoa.com/search/image?apikey=e3ea][IE][2012-06-10 08:15:57]
[200][http://apis.kokoa.com/search/vclip?apikey=fqwk][Firefox][2012-06-10 08:15:58]
[200][http://apis.kokoa.com/search/book?apikey=fwji][IE][2012-06-10 08:15:59]
[200][http://apis.kokoa.com/search/book?apikey=e3ea][IE][2012-06-10 08:16:00]
[200][http://apis.kokoa.com/search/news?apikey=jg9k][IE][2012-06-10 08:16:01]
[200][http://apis.kokoa.com/search/image?apikey=23jf][Firefox][2012-06-10 08:16:02]
[200][http://apis.kokoa.com/search/news?apikey=fwji][IE][2012-06-10 08:16:03]
[200][http://apis.kokoa.com/search/news?apikey=e3ea][IE][2012-06-10 08:16:04]
[200][http://apis.kokoa.com/search/vclip?apikey=fqwk][IE][2012-06-10 08:16:05]
[200][http://apis.kokoa.com/search/news?apikey=2jdc][IE][2012-06-10 08:16:06]
[200][http://apis.kokoa.com/search/blog?apikey=fqwk][IE][2012-06-10 08:16:07]
[10][http://apis.kokoa.com/search/blog][IE][2012-06-10 08:16:08]
[200][http://apis.kokoa.com/search/blog?apikey=tr8j][IE][2012-06-10 08:16:09]
[200][http://apis.kokoa.com/search/book?apikey=2jdc][IE][2012-06-10 08:16:10]
[200][http://apis.kokoa.com/search/knowledge?apikey=23jf][IE][2012-06-10 08:16:11]
[200][http://apis.kokoa.com/search/knowledge?apikey=dcj8][IE][2012-06-10 08:16:12]
[200][http://apis.kokoa.com/search/knowledge?apikey=2jdc][IE][2012-06-10 08:16:13]
[200][http://apis.kokoa.com/search/knowledge?apikey=e3ea][IE][2012-06-10 08:16:14]
[200][http://apis.kokoa.com/search/vclip?apikey=2jdc][IE][2012-06-10 08:16:15]
[200][http://apis.kokoa.com/search/knowledge?apikey=tr8j][IE][2012-06-10 08:16:16]
[200][http://apis.kokoa.com/search/vclip?apikey=dcj8][IE][2012-06-10 08:16:17]
[200][http://apis.kokoa.com/search/vclip?apikey=jg9k][Firefox][2012-06-10 08:16:18]
[200][http://apis.kokoa.com/search/image?apikey=2jdc][IE][2012-06-10 08:16:19]
[200][http://apis.kokoa.com/search/blog?apikey=2jdc][IE][2012-06-10 08:16:20]
[200][http://apis.kokoa.com/search/book?apikey=wejf][IE][2012-06-10 08:16:21]
[200][http://apis.kokoa.com/search/image?apikey=dcj8][Firefox][2012-06-10 08:16:22]
[200][http://apis.kokoa.com/search/news?apikey=e3ea][IE][2012-06-10 08:16:23]
[200][http://apis.kokoa.com/search/image?apikey=e3ea][Opera][2012-06-10 08:16:24]
[200][http://apis.kokoa.com/search/news?apikey=jg9k][IE][2012-06-10 08:16:25]
[200][http://apis.kokoa.com/search/news?apikey=anw1][IE][2012-06-10 08:16:26]
[200][http://apis.kokoa.com/search/vclip?apikey=anw1][IE][2012-06-10 08:16:27]
[200][http://apis.kokoa.com/search/vclip?apikey=e3ea][Opera][2012-06-10 08:16:28]
[200][http://apis.kokoa.com/search/blog?apikey=anw1][IE][2012-06-10 08:16:29]
[200][http://apis.kokoa.com/search/book?apikey=wejf][IE][2012-06-10 08:16:30]
[200][http://apis.kokoa.com/search/book?apikey=fqwk][Firefox][2012-06-10 08:16:31]
[200][http://apis.kokoa.com/search/book?apikey=jg9k][IE][2012-06-10 08:16:32]
[200][http://apis.kokoa.com/search/knowledge?apikey=anw1][IE][2012-06-10 08:16:33]
[200][http://apis.kokoa.com/search/blog?apikey=e3ea][IE][2012-06-10 08:16:34]
