{"@timestamp":"2012-06-10T08:00:00.000Z","status_code":200,"url":"http://apis.maver.com/v1/weather","service_id":"weather","api_key":"a1b2c3"}
{"@timestamp":"2012-06-10T08:00:15.000Z","status_code":200,"url":"http://apis.maver.com/v1/stock","service_id":"stock","api_key":"x7y8z9"}
{"@timestamp":"2012-06-10T08:00:30.000Z","status_code":200,"url":"http://apis.maver.com/v1/news","service_id":"news","api_key":"a1b2c3"}
{"@timestamp":"2012-06-10T08:00:45.000Z","status_code":404,"url":"http://apis.maver.com/v1/invalid","service_id":"invalid","api_key":"m3n4p5"}
{"@timestamp":"2012-06-10T08:01:00.000Z","status_code":200,"url":"http://apis.maver.com/v1/map","service_id":"map","api_key":"q9w8e7"}
{"@timestamp":"2012-06-10T08:01:15.000Z","status_code":200,"url":"http://apis.maver.com/v1/weather","service_id":"weather","api_key":"a1b2c3"}
{"@timestamp":"2012-06-10T08:01:30.000Z","status_code":10,"url":"http://apis.maver.com/v1/stock","service_id":"stock","api_key":""}
{"@timestamp":"2012-06-10T08:01:45.000Z","status_code":200,"url":"http://apis.maver.com/v1/news","service_id":"news","api_key":"a1b2c3"}
{"@timestamp":"2012-06-10T08:02:00.000Z","status_code":200,"url":"http://apis.maver.com/v1/weather","service_id":"weather","api_key":"a1b2c3"}
{"@timestamp":"2012-06-10T08:02:15.000Z","status_code":200,"url":"http://apis.maver.com/v1/map","service_id":"map","api_key":"x7y8z9"}
{"@timestamp":"2012-06-10T08:02:30.000Z","status_code":200,"url":"http://apis.maver.com/v1/stock","service_id":"stock","api_key":"a1b2c3"}
{"@timestamp":"2012-06-10T08:02:45.000Z","status_code":200,"url":"http://apis.maver.com/v1/news","service_id":"news","api_key":"r5t6y7"}
{"@timestamp":"2012-06-10T08:03:00.000Z","status_code":200,"url":"http://apis.maver.com/v1/weather","service_id":"weather","api_key":"a1b2c3"}
{"@timestamp":"2012-06-10T08:03:15.000Z","status_code":404,"url":"http://apis.maver.com/v1/old","service_id":"old","api_key":"u8i9o0"}
{"@timestamp":"2012-06-10T08:03:30.000Z","status_code":200,"url":"http://apis.maver.com/v1/map","service_id":"map","api_key":"a1b2c3"}
{"@timestamp":"2012-06-10T08:03:45.000Z","status_code":200,"url":"http://apis.maver.com/v1/stock","service_id":"stock","api_key":"x7y8z9"}
{"@timestamp":"2012-06-10T08:04:00.000Z","status_code":200,"url":"http://apis.maver.com/v1/news","service_id":"news","api_key":"a1b2c3"}
{"@timestamp":"2012-06-10T08:04:15.000Z","status_code":200,"url":"http://apis.maver.com/v1/weather","service_id":"weather","api_key":"q9w8e7"}
{"@timestamp":"2012-06-10T08:04:30.000Z","status_code":10,"url":"http://apis.maver.com/v1/map","service_id":"map","api_key":""}
{"@timestamp":"2012-06-10T08:04:45.000Z","status_code":200,"url":"http://apis.maver.com/v1/stock","service_id":"stock","api_key":"a1b2c3"}
{"@timestamp":"2012-06-10T08:05:00.000Z","status_code":200,"url":"http://apis.maver.com/v1/weather","service_id":"weather","api_key":"a1b2c3"}
{"@timestamp":"2012-06-10T08:05:15.000Z","status_code":200,"url":"http://apis.maver.com/v1/news","service_id":"news","api_key":"x7y8z9"}
{"@timestamp":"2012-06-10T08:05:30.000Z","status_code":200,"url":"http://apis.maver.com/v1/map","service_id":"map","api_key":"a1b2c3"}
{"@timestamp":"2012-06-10T08:05:45.000Z","status_code":200,"url":"http://apis.maver.com/v1/stock","service_id":"stock","api_key":"r5t6y7"}
{"@timestamp":"2012-06-10T08:06:00.000Z","status_code":200,"url":"http://apis.maver.com/v1/weather","service_id":"weather","api_key":"a1b2c3"}
{"@timestamp":"2012-06-10T08:06:15.000Z","status_code":404,"url":"http://apis.maver.com/v1/test","service_id":"test","api_key":"m3n4p5"}
{"@timestamp":"2012-06-10T08:06:30.000Z","status_code":200,"url":"http://apis.maver.com/v1/news","service_id":"news","api_key":"a1b2c3"}
{"@timestamp":"2012-06-10T08:06:45.000Z","status_code":200,"url":"http://apis.maver.com/v1/map","service_id":"map","api_key":"q9w8e7"}
{"@timestamp":"2012-06-10T08:07:00.000Z","status_code":200,"url":"http://apis.maver.com/v1/stock","service_id":"stock","api_key":"a1b2c3"}
{"@timestamp":"2012-06-10T08:07:15.000Z","status_code":200,"url":"http://apis.maver.com/v1/weather","service_id":"weather","api_key":"x7y8z9"}
{"@timestamp":"2012-06-10T08:07:30.000Z","status_code":10,"url":"http://apis.maver.com/v1/news","service_id":"news","api_key":""}
{"@timestamp":"2012-06-10T08:07:45.000Z","status_code":200,"url":"http://apis.maver.com/v1/map","service_id":"map","api_key":"a1b2c3"}
{"@timestamp":"2012-06-10T08:08:00.000Z","status_code":200,"url":"http://apis.maver.com/v1/stock","service_id":"stock","api_key":"a1b2c3"}
{"@timestamp":"2012-06-10T08:08:15.000Z","status_code":200,"url":"http://apis.maver.com/v1/weather","service_id":"weather","api_key":"r5t6y7"}
{"@timestamp":"2012-06-10T08:08:30.000Z","status_code":200,"url":"http://apis.maver.com/v1/news","service_id":"news","api_key":"a1b2c3"}
{"@timestamp":"2012-06-10T08:08:45.000Z","status_code":200,"url":"http://apis.maver.com/v1/map","service_id":"map","api_key":"x7y8z9"}
{"@timestamp":"2012-06-10T08:09:00.000Z","status_code":200,"url":"http://apis.maver.com/v1/stock","service_id":"stock","api_key":"a1b2c3"}
{"@timestamp":"2012-06-10T08:09:15.000Z","status_code":404,"url":"http://apis.maver.com/v1/beta","service_id":"beta","api_key":"m3n4p5"}
{"@timestamp":"2012-06-10T08:09:30.000Z","status_code":200,"url":"http://apis.maver.com/v1/weather","service_id":"weather","api_key":"a1b2c3"}
{"@timestamp":"2012-06-10T08:09:45.000Z","status_code":200,"url":"http://apis.maver.com/v1/news","service_id":"news","api_key":"q9w8e7"}
{"@timestamp":"2012-06-10T08:10:00.000Z","status_code":200,"url":"http://apis.maver.com/v1/map","service_id":"map","api_key":"a1b2c3"}
{"@timestamp":"2012-06-10T08:10:15.000Z","status_code":200,"url":"http://apis.maver.com/v1/stock","service_id":"stock","api_key":"x7y8z9"}
{"@timestamp":"2012-06-10T08:10:30.000Z","status_code":10,"url":"http://apis.maver.com/v1/weather","service_id":"weather","api_key":""}
{"@timestamp":"2012-06-10T08:10:45.000Z","status_code":200,"url":"http://apis.maver.com/v1/news","service_id":"news","api_key":"a1b2c3"}
{"@timestamp":"2012-06-10T08:11:00.000Z","status_code":200,"url":"http://apis.maver.com/v1/map","service_id":"map","api_key":"r5t6y7"}
{"@timestamp":"2012-06-10T08:11:15.000Z","status_code":200,"url":"http://apis.maver.com/v1/stock","service_id":"stock","api_key":"a1b2c3"}
{"@timestamp":"2012-06-10T08:11:30.000Z","status_code":200,"url":"http://apis.maver.com/v1/weather","service_id":"weather","api_key":"a1b2c3"}
{"@timestamp":"2012-06-10T08:11:45.000Z","status_code":200,"url":"http://apis.maver.com/v1/news","service_id":"news","api_key":"x7y8z9"}
{"@timestamp":"2012-06-10T08:12:00.000Z","status_code":200,"url":"http://apis.maver.com/v1/map","service_id":"map","api_key":"a1b2c3"}
{"@timestamp":"2012-06-10T08:12:15.000Z","status_code":404,"url":"http://apis.maver.com/v1/legacy","service_id":"legacy","api_key":"u8i9o0"}
{"@timestamp":"2012-06-10T08:12:30.000Z","status_code":200,"url":"http://apis.maver.com/v1/stock","service_id":"stock","api_key":"a1b2c3"}
{"@timestamp":"2012-06-10T08:12:45.000Z","status_code":200,"url":"http://apis.maver.com/v1/weather","service_id":"weather","api_key":"q9w8e7"}
{"@timestamp":"2012-06-10T08:13:00.000Z","status_code":200,"url":"http://apis.maver.com/v1/news","service_id":"news","api_key":"a1b2c3"}
{"@timestamp":"2012-06-10T08:13:15.000Z","status_code":200,"url":"http://apis.maver.com/v1/map","service_id":"map","api_key":"a1b2c3"}
{"@timestamp":"2012-06-10T08:13:30.000Z","status_code":10,"url":"http://apis.maver.com/v1/stock","service_id":"stock","api_key":""}
{"@timestamp":"2012-06-10T08:13:45.000Z","status_code":200,"url":"http://apis.maver.com/v1/weather","service_id":"weather","api_key":"a1b2c3"}
{"@timestamp":"2012-06-10T08:14:00.000Z","status_code":200,"url":"http://apis.maver.com/v1/news","service_id":"news","api_key":"r5t6y7"}
{"@timestamp":"2012-06-10T08:14:15.000Z","status_code":200,"url":"http://apis.maver.com/v1/map","service_id":"map","api_key":"x7y8z9"}
{"@timestamp":"2012-06-10T08:14:30.000Z","status_code":200,"url":"http://apis.maver.com/v1/stock","service_id":"stock","api_key":"a1b2c3"}
{"@timestamp":"2012-06-10T08:14:45.000Z","status_code":200,"url":"http://apis.maver.com/v1/weather","service_id":"weather","api_key":"a1b2c3"}
{"@timestamp":"2012-06-10T08:15:00.000Z","status_code":200,"url":"http://apis.maver.com/v1/news","service_id":"news","api_key":"a1b2c3"}
{"@timestamp":"2012-06-10T08:15:15.000Z","status_code":404,"url":"http://apis.maver.com/v1/deprecated","service_id":"deprecated","api_key":"m3n4p5"}
{"@timestamp":"2012-06-10T08:15:30.000Z","status_code":200,"url":"http://apis.maver.com/v1/map","service_id":"map","api_key":"q9w8e7"}
{"@timestamp":"2012-06-10T08:15:45.000Z","status_code":200,"url":"http://apis.maver.com/v1/stock","service_id":"stock","api_key":"a1b2c3"}
{"@timestamp":"2012-06-10T08:16:00.000Z","status_code":200,"url":"http://apis.maver.com/v1/weather","service_id":"weather","api_key":"x7y8z9"}
{"@timestamp":"2012-06-10T08:16:15.000Z","status_code":10,"url":"http://apis.maver.com/v1/news","service_id":"news","api_key":""}
{"@timestamp":"2012-06-10T08:16:30.000Z","status_code":200,"url":"http://apis.maver.com/v1/map","service_id":"map","api_key":"a1b2c3"}
{"@timestamp":"2012-06-10T08:16:45.000Z","status_code":200,"url":"http://apis.maver.com/v1/stock","service_id":"stock","api_key":"r5t6y7"}
{"@timestamp":"2012-06-10T08:17:00.000Z","status_code":200,"url":"http://apis.maver.com/v1/weather","service_id":"weather","api_key":"a1b2c3"}
{"@timestamp":"2012-06-10T08:17:15.000Z","status_code":200,"url":"http://apis.maver.com/v1/news","service_id":"news","api_key":"a1b2c3"}
{"@timestamp":"2012-06-10T08:17:30.000Z","status_code":200,"url":"http://apis.maver.com/v1/map","service_id":"map","api_key":"x7y8z9"}
{"@timestamp":"2012-06-10T08:17:45.000Z","status_code":200,"url":"http://apis.maver.com/v1/stock","service_id":"stock","api_key":"a1b2c3"}
{"@timestamp":"2012-06-10T08:18:00.000Z","status_code":404,"url":"http://apis.maver.com/v1/old-api","service_id":"old-api","api_key":"u8i9o0"}
{"@timestamp":"2012-06-10T08:18:15.000Z","status_code":200,"url":"http://apis.maver.com/v1/weather","service_id":"weather","api_key":"a1b2c3"}
{"@timestamp":"2012-06-10T08:18:30.000Z","status_code":200,"url":"http://apis.maver.com/v1/news","service_id":"news","api_key":"q9w8e7"}
{"@timestamp":"2012-06-10T08:18:45.000Z","status_code":200,"url":"http://apis.maver.com/v1/map","service_id":"map","api_key":"a1b2c3"}
{"@timestamp":"2012-06-10T08:19:00.000Z","status_code":10,"url":"http://apis.maver.com/v1/stock","service_id":"stock","api_key":""}
{"@timestamp":"2012-06-10T08:19:15.000Z","status_code":200,"url":"http://apis.maver.com/v1/weather","service_id":"weather","api_key":"a1b2c3"}
{"@timestamp":"2012-06-10T08:19:30.000Z","status_code":200,"url":"http://apis.maver.com/v1/news","service_id":"news","api_key":"x7y8z9"}
{"@timestamp":"2012-06-10T08:19:45.000Z","status_code":200,"url":"http://apis.maver.com/v1/map","service_id":"map","api_key":"a1b2c3"}
{"@timestamp":"2012-06-10T08:20:00.000Z","status_code":200,"url":"http://apis.maver.com/v1/stock","service_id":"stock","api_key":"r5t6y7"}
{"@timestamp":"2012-06-10T08:20:15.000Z","status_code":200,"url":"http://apis.maver.com/v1/weather","service_id":"weather","api_key":"a1b2c3"}
{"@timestamp":"2012-06-10T08:20:30.000Z","status_code":200,"url":"http://apis.maver.com/v1/news","service_id":"news","api_key":"a1b2c3"}
{"@timestamp":"2012-06-10T08:20:45.000Z","status_code":200,"url":"http://apis.maver.com/v1/map","service_id":"map","api_key":"q9w8e7"}
{"@timestamp":"2012-06-10T08:21:00.000Z","status_code":404,"url":"http://apis.maver.com/v1/removed","service_id":"removed","api_key":"m3n4p5"}
{"@timestamp":"2012-06-10T08:21:15.000Z","status_code":200,"url":"http://apis.maver.com/v1/stock","service_id":"stock","api_key":"a1b2c3"}
{"@timestamp":"2012-06-10T08:21:30.000Z","status_code":200,"url":"http://apis.maver.com/v1/weather","service_id":"weather","api_key":"x7y8z9"}
{"@timestamp":"2012-06-10T08:21:45.000Z","status_code":200,"url":"http://apis.maver.com/v1/news","service_id":"news","api_key":"a1b2c3"}
{"@timestamp":"2012-06-10T08:22:00.000Z","status_code":10,"url":"http://apis.maver.com/v1/map","service_id":"map","api_key":""}
{"@timestamp":"2012-06-10T08:22:15.000Z","status_code":200,"url":"http://apis.maver.com/v1/stock","service_id":"stock","api_key":"a1b2c3"}
{"@timestamp":"2012-06-10T08:22:30.000Z","status_code":200,"url":"http://apis.maver.com/v1/weather","service_id":"weather","api_key":"a1b2c3"}
{"@timestamp":"2012-06-10T08:22:45.000Z","status_code":200,"url":"http://apis.maver.com/v1/news","service_id":"news","api_key":"r5t6y7"}
{"@timestamp":"2012-06-10T08:23:00.000Z","status_code":200,"url":"http://apis.maver.com/v1/map","service_id":"map","api_key":"x7y8z9"}
{"@timestamp":"2012-06-10T08:23:15.000Z","status_code":200,"url":"http://apis.maver.com/v1/stock","service_id":"stock","api_key":"a1b2c3"}
{"@timestamp":"2012-06-10T08:23:30.000Z","status_code":200,"url":"http://apis.maver.com/v1/weather","service_id":"weather","api_key":"a1b2c3"}
{"@timestamp":"2012-06-10T08:23:45.000Z","status_code":200,"url":"http://apis.maver.com/v1/news","service_id":"news","api_key":"q9w8e7"}
{"@timestamp":"2012-06-10T08:24:00.000Z","status_code":200,"url":"http://apis.maver.com/v1/map","service_id":"map","api_key":"a1b2c3"}
{"@timestamp":"2012-06-10T08:24:15.000Z","status_code":200,"url":"http://apis.maver.com/v1/stock","service_id":"stock","api_key":"a1b2c3"}
{"@timestamp":"2012-06-10T08:24:30.000Z","status_code":200,"url":"http://apis.maver.com/v1/weather","service_id":"weather","api_key":"a1b2c3"}
{"@timestamp":"2012-06-10T08:24:45.000Z","status_code":200,"url":"http://apis.maver.com/v1/news","service_id":"news","api_key":"a1b2c3"}
